<?xml version="1.0" encoding="utf-8"?>
<TestRun id="04090612-bbe0-4561-959a-7eae4bf1dee0" name="vchel@MSI 2026-07-04 15:45:57" runUser="MSI\vchel" xmlns="http://microsoft.com/schemas/VisualStudio/TeamTest/2010">
  <Times creation="2026-07-04T15:45:57.4432517-06:00" queuing="2026-07-04T15:45:57.4432519-06:00" start="2026-07-04T15:45:55.8422038-06:00" finish="2026-07-04T15:46:41.7907333-06:00" />
  <TestSettings name="default" id="9c22e8a4-176a-4f85-8eca-93a520cd506e">
    <Deployment runDeploymentRoot="vchel_MSI_2026-07-04_15_45_57" />
  </TestSettings>
  <Results>
    <UnitTestResult executionId="7f87999f-274b-4f69-85cd-1ccb9536c01b" testId="cacfcd49-1828-4f43-c1fd-08c4d4c7d9e1" testName="AnimationEditor.App.Tests.GuideValueLabelTests.FormatGuideLabel_Zero_ShowsZero" computerName="MSI" duration="00:00:00.0001090" startTime="2026-07-04T15:46:28.3386998-06:00" endTime="2026-07-04T15:46:28.3388242-06:00" testType="13cdc9d9-ddb5-4fa4-a97d-d965ccfc6d4b" outcome="Passed" testListId="8c84fa94-04c1-424b-9868-57a2d4851a1d" relativeResultsDirectory="7f87999f-274b-4f69-85cd-1ccb9536c01b" />
    <UnitTestResult executionId="79ccf8dd-7ffb-46d5-9c6f-c3827e763999" testId="68b48b54-259f-017d-ef14-78b8219e5c62" testName="AnimationEditor.App.Tests.WireframeChainDragTests.SimulateChainDrag_NoChainSelected_NoException" computerName="MSI" duration="00:00:00.0052773" startTime="2026-07-04T15:46:31.2730783-06:00" endTime="2026-07-04T15:46:31.2784285-06:00" testType="13cdc9d9-ddb5-4fa4-a97d-d965ccfc6d4b" outcome="Passed" testListId="8c84fa94-04c1-424b-9868-57a2d4851a1d" relativeResultsDirectory="79ccf8dd-7ffb-46d5-9c6f-c3827e763999" />
    <UnitTestResult executionId="466bb09d-c66a-41e3-9325-c083897c6328" testId="3f95d94f-e7bf-21cd-9235-979c6539a7bb" testName="AnimationEditor.App.Tests.TimelineStripRebuildTests.RefreshTimelineStrip_FrameDurationChanged_RebuildsCellVms" computerName="MSI" duration="00:00:00.2267056" startTime="2026-07-04T15:46:17.8730311-06:00" endTime="2026-07-04T15:46:18.0998204-06:00" testType="13cdc9d9-ddb5-4fa4-a97d-d965ccfc6d4b" outcome="Passed" testListId="8c84fa94-04c1-424b-9868-57a2d4851a1d" relativeResultsDirectory="466bb09d-c66a-41e3-9325-c083897c6328" />
    <UnitTestResult executionId="3fe7eab6-f243-46ba-9be9-311517149009" testId="811c40d8-26e2-69a2-1389-2bbc7c1dd2e0" testName="AnimationEditor.App.Tests.UnitTypePropPanelTests.PropFramePanel_WhenFrameSelected_IsVisible" computerName="MSI" duration="00:00:00.2497971" startTime="2026-07-04T15:46:22.3759295-06:00" endTime="2026-07-04T15:46:22.6257777-06:00" testType="13cdc9d9-ddb5-4fa4-a97d-d965ccfc6d4b" outcome="Passed" testListId="8c84fa94-04c1-424b-9868-57a2d4851a1d" relativeResultsDirectory="3fe7eab6-f243-46ba-9be9-311517149009" />
    <UnitTestResult executionId="d083aa78-d19c-41ce-9b3d-3f3588c26316" testId="833d2404-1eba-9f3a-e7ca-b46bea513916" testName="AnimationEditor.App.Tests.VisualRenderTests.Preview_RelativeY_Positive_ShiftsFrameHigherOnScreen" computerName="MSI" duration="00:00:00.0060424" startTime="2026-07-04T15:46:39.8621705-06:00" endTime="2026-07-04T15:46:39.8682580-06:00" testType="13cdc9d9-ddb5-4fa4-a97d-d965ccfc6d4b" outcome="Passed" testListId="8c84fa94-04c1-424b-9868-57a2d4851a1d" relativeResultsDirectory="d083aa78-d19c-41ce-9b3d-3f3588c26316" />
    <UnitTestResult executionId="0fbab662-126c-456e-ba57-36e8515c3373" testId="6e1e93d4-1af0-f307-c0ff-fc1eaf30d131" testName="AnimationEditor.App.Tests.AppIconTests.MainWindow_HasIconSet" computerName="MSI" duration="00:00:00.0510904" startTime="2026-07-04T15:46:30.0784627-06:00" endTime="2026-07-04T15:46:30.1296038-06:00" testType="13cdc9d9-ddb5-4fa4-a97d-d965ccfc6d4b" outcome="Passed" testListId="8c84fa94-04c1-424b-9868-57a2d4851a1d" relativeResultsDirectory="0fbab662-126c-456e-ba57-36e8515c3373" />
    <UnitTestResult executionId="0eb438d9-34f6-40d9-85c0-7624e2015ccc" testId="fc891e71-5063-6671-58a2-cb1ddca07053" testName="AnimationEditor.App.Tests.GridRenderTests.SnapClick_GridDisabled_NoEventFired" computerName="MSI" duration="00:00:00.0037754" startTime="2026-07-04T15:46:39.1485783-06:00" endTime="2026-07-04T15:46:39.1523947-06:00" testType="13cdc9d9-ddb5-4fa4-a97d-d965ccfc6d4b" outcome="Passed" testListId="8c84fa94-04c1-424b-9868-57a2d4851a1d" relativeResultsDirectory="0eb438d9-34f6-40d9-85c0-7624e2015ccc" />
    <UnitTestResult executionId="5b17ef29-c56f-47e5-bb62-e3ac1d0bb2d5" testId="7f2e406e-7886-4359-e7ad-44ff3c5e74b1" testName="AnimationEditor.App.Tests.WireframeHandlesAndBorderTests.WireframeHandles_SelectedFrame_TopLeftHandleIsOutsideFrame" computerName="MSI" duration="00:00:00.0034466" startTime="2026-07-04T15:46:27.9756096-06:00" endTime="2026-07-04T15:46:27.9790987-06:00" testType="13cdc9d9-ddb5-4fa4-a97d-d965ccfc6d4b" outcome="Passed" testListId="8c84fa94-04c1-424b-9868-57a2d4851a1d" relativeResultsDirectory="5b17ef29-c56f-47e5-bb62-e3ac1d0bb2d5" />
    <UnitTestResult executionId="adf8c26d-cc22-4d27-b73a-874ce1827612" testId="7d1a813d-8cd0-8918-1e74-4f18c475f1df" testName="AnimationEditor.App.Tests.WireframeHandlesAndBorderTests.WireframeSelectedFrame_ChangesBitmapComparedToNoSelection" computerName="MSI" duration="00:00:00.0042118" startTime="2026-07-04T15:46:34.6626897-06:00" endTime="2026-07-04T15:46:34.6669589-06:00" testType="13cdc9d9-ddb5-4fa4-a97d-d965ccfc6d4b" outcome="Passed" testListId="8c84fa94-04c1-424b-9868-57a2d4851a1d" relativeResultsDirectory="adf8c26d-cc22-4d27-b73a-874ce1827612" />
    <UnitTestResult executionId="ff1b3dc8-aaee-481e-90ee-d5d9f23a64be" testId="98aebace-639c-b3f7-f61d-dbe6e480a4f2" testName="AnimationEditor.App.Tests.WireframeHandlesAndBorderTests.WireframeHandles_SelectThenDeselect_HandleDisappears" computerName="MSI" duration="00:00:00.0060180" startTime="2026-07-04T15:46:22.7873935-06:00" endTime="2026-07-04T15:46:22.7934578-06:00" testType="13cdc9d9-ddb5-4fa4-a97d-d965ccfc6d4b" outcome="Passed" testListId="8c84fa94-04c1-424b-9868-57a2d4851a1d" relativeResultsDirectory="ff1b3dc8-aaee-481e-90ee-d5d9f23a64be" />
    <UnitTestResult executionId="d0c9e300-4375-4103-b5c8-a618ff1108d3" testId="0209aa2c-69e0-abd7-9368-62d78a718c2a" testName="AnimationEditor.App.Tests.PreviewZoomComboSyncTests.WireframeControl_FiresZoomChanged_OnWheelZoom" computerName="MSI" duration="00:00:00.0004016" startTime="2026-07-04T15:46:33.7871839-06:00" endTime="2026-07-04T15:46:33.7876110-06:00" testType="13cdc9d9-ddb5-4fa4-a97d-d965ccfc6d4b" outcome="Passed" testListId="8c84fa94-04c1-424b-9868-57a2d4851a1d" relativeResultsDirectory="d0c9e300-4375-4103-b5c8-a618ff1108d3" />
    <UnitTestResult executionId="7b7dd0cb-98fc-4145-a2ff-ccc709b4c344" testId="35bb6e25-552a-f486-cf2b-3cfc2379a200" testName="AnimationEditor.App.Tests.PreviewZoomComboSyncTests.PreviewZoomPlusBtn_StepsToNextPresetAbove_FromBetweenPresets" computerName="MSI" duration="00:00:00.0781248" startTime="2026-07-04T15:46:31.8910188-06:00" endTime="2026-07-04T15:46:31.9691871-06:00" testType="13cdc9d9-ddb5-4fa4-a97d-d965ccfc6d4b" outcome="Passed" testListId="8c84fa94-04c1-424b-9868-57a2d4851a1d" relativeResultsDirectory="7b7dd0cb-98fc-4145-a2ff-ccc709b4c344" />
    <UnitTestResult executionId="62703136-ea5c-4630-8144-deb98e7a1ea2" testId="c4f4d410-02a6-4215-06ce-785c10290df0" testName="AnimationEditor.App.Tests.CopyPasteFocusGateTests.CtrlV_NonTextBoxFocused_PastesFrame" computerName="MSI" duration="00:00:00.1192844" startTime="2026-07-04T15:46:37.3120206-06:00" endTime="2026-07-04T15:46:37.4313444-06:00" testType="13cdc9d9-ddb5-4fa4-a97d-d965ccfc6d4b" outcome="Passed" testListId="8c84fa94-04c1-424b-9868-57a2d4851a1d" relativeResultsDirectory="62703136-ea5c-4630-8144-deb98e7a1ea2" />
    <UnitTestResult executionId="265d9853-eca9-4665-8310-94ae4dcb98c0" testId="0dd6b894-c835-9723-ed06-e19440e41ef0" testName="AnimationEditor.App.Tests.HeadlessTreeViewTests.ContextMenu_FrameSelected_ContainsDeleteFrame" computerName="MSI" duration="00:00:00.0483231" startTime="2026-07-04T15:46:33.2259769-06:00" endTime="2026-07-04T15:46:33.2743505-06:00" testType="13cdc9d9-ddb5-4fa4-a97d-d965ccfc6d4b" outcome="Passed" testListId="8c84fa94-04c1-424b-9868-57a2d4851a1d" relativeResultsDirectory="265d9853-eca9-4665-8310-94ae4dcb98c0" />
    <UnitTestResult executionId="f75b64ed-5bbe-4f3c-bfa9-e4d8452181e9" testId="970ec37e-c52e-0bac-e938-3181873177b9" testName="AnimationEditor.App.Tests.GridRenderTests.GridSnapDoubleClick_GridDisabled_IsNoOp" computerName="MSI" duration="00:00:00.0041481" startTime="2026-07-04T15:46:27.2982802-06:00" endTime="2026-07-04T15:46:27.3024560-06:00" testType="13cdc9d9-ddb5-4fa4-a97d-d965ccfc6d4b" outcome="Passed" testListId="8c84fa94-04c1-424b-9868-57a2d4851a1d" relativeResultsDirectory="f75b64ed-5bbe-4f3c-bfa9-e4d8452181e9" />
    <UnitTestResult executionId="0f578561-0165-4304-8f14-8e6351efa52b" testId="9916e1a5-cad3-25e5-0144-3d28de3a4f82" testName="AnimationEditor.App.Tests.WireframeMagicWandModeTests.WandMode_DoubleClick_AppliesPreviewRectToSelectedFrame" computerName="MSI" duration="00:00:00.0146795" startTime="2026-07-04T15:46:15.1088546-06:00" endTime="2026-07-04T15:46:15.1236027-06:00" testType="13cdc9d9-ddb5-4fa4-a97d-d965ccfc6d4b" outcome="Passed" testListId="8c84fa94-04c1-424b-9868-57a2d4851a1d" relativeResultsDirectory="0f578561-0165-4304-8f14-8e6351efa52b" />
    <UnitTestResult executionId="56a4b276-1b88-463a-bf2d-289034509386" testId="cefdaab9-f23b-eff9-4ec0-6ad10ac822fd" testName="AnimationEditor.App.Tests.ThumbnailServiceTests.RenderFrameThumbnail_FlipVertical_MirrorsImageVertically" computerName="MSI" duration="00:00:00.0009403" startTime="2026-07-04T15:46:24.3354514-06:00" endTime="2026-07-04T15:46:24.3364318-06:00" testType="13cdc9d9-ddb5-4fa4-a97d-d965ccfc6d4b" outcome="Passed" testListId="8c84fa94-04c1-424b-9868-57a2d4851a1d" relativeResultsDirectory="56a4b276-1b88-463a-bf2d-289034509386" />
    <UnitTestResult executionId="68a5dd10-a151-404a-afa4-99776a172f95" testId="573d3322-6cac-c949-58d2-caac19a90a22" testName="AnimationEditor.App.Tests.WireframePanZoomTests.Pan_DragRight_MovesCameraWithCursor" computerName="MSI" duration="00:00:00.0776226" startTime="2026-07-04T15:46:39.0620154-06:00" endTime="2026-07-04T15:46:39.1396824-06:00" testType="13cdc9d9-ddb5-4fa4-a97d-d965ccfc6d4b" outcome="Passed" testListId="8c84fa94-04c1-424b-9868-57a2d4851a1d" relativeResultsDirectory="68a5dd10-a151-404a-afa4-99776a172f95" />
    <UnitTestResult executionId="9ba94f27-389c-4384-b82b-bae8b106c814" testId="a9958ca7-d086-310a-84ac-061abe21cdbd" testName="AnimationEditor.App.Tests.HeadlessTreeViewTests.ContextMenu_ChainSelected_ContainsMoveAndFlipItems" computerName="MSI" duration="00:00:00.0456581" startTime="2026-07-04T15:46:39.6123943-06:00" endTime="2026-07-04T15:46:39.6581008-06:00" testType="13cdc9d9-ddb5-4fa4-a97d-d965ccfc6d4b" outcome="Passed" testListId="8c84fa94-04c1-424b-9868-57a2d4851a1d" relativeResultsDirectory="9ba94f27-389c-4384-b82b-bae8b106c814" />
    <UnitTestResult executionId="ecb4c6d5-5024-4488-b6df-e41eb6df4779" testId="67391f3f-d484-5b38-ee69-540857b0b12b" testName="AnimationEditor.App.Tests.AppIconTests.MacOSDockIcon_DoesNotThrowWithValidPngBytes" computerName="MSI" duration="00:00:00.0015570" startTime="2026-07-04T15:46:30.9771164-06:00" endTime="2026-07-04T15:46:30.9787288-06:00" testType="13cdc9d9-ddb5-4fa4-a97d-d965ccfc6d4b" outcome="Passed" testListId="8c84fa94-04c1-424b-9868-57a2d4851a1d" relativeResultsDirectory="ecb4c6d5-5024-4488-b6df-e41eb6df4779" />
    <UnitTestResult executionId="28aca471-b795-4741-b1c9-66e1b9cb699b" testId="ee0365c9-de7b-cdad-4242-41430c63a959" testName="AnimationEditor.App.Tests.FlankerFieldLayoutTests.FlankerField_StaysBetweenButtons(fieldName: &quot;SpeedInput&quot;, minusName: &quot;SpeedDownBtn&quot;, plusName: &quot;SpeedUpBtn&quot;)" computerName="MSI" duration="00:00:00.2411230" startTime="2026-07-04T15:46:16.7593997-06:00" endTime="2026-07-04T15:46:17.0006032-06:00" testType="13cdc9d9-ddb5-4fa4-a97d-d965ccfc6d4b" outcome="Passed" testListId="8c84fa94-04c1-424b-9868-57a2d4851a1d" relativeResultsDirectory="28aca471-b795-4741-b1c9-66e1b9cb699b" />
    <UnitTestResult executionId="4deaed79-2338-4e79-99c5-b02015184b7f" testId="19b37328-68ad-188c-7763-5ff2d2be3a93" testName="AnimationEditor.App.Tests.UnitTypePropPanelTests.PropNoneLabel_WhenNothingSelected_ShowsNoSelection" computerName="MSI" duration="00:00:00.2174317" startTime="2026-07-04T15:46:27.6365575-06:00" endTime="2026-07-04T15:46:27.8540422-06:00" testType="13cdc9d9-ddb5-4fa4-a97d-d965ccfc6d4b" outcome="Passed" testListId="8c84fa94-04c1-424b-9868-57a2d4851a1d" relativeResultsDirectory="4deaed79-2338-4e79-99c5-b02015184b7f" />
    <UnitTestResult executionId="73e4572c-c2b4-4525-9526-90e471402c12" testId="4fd1cb5f-3a54-1b6b-cc39-5b098d0a0a66" testName="AnimationEditor.App.Tests.DuplicateShortcutTests.CtrlD_ChainSelected_DuplicatesChain" computerName="MSI" duration="00:00:00.1754711" startTime="2026-07-04T15:46:16.2953390-06:00" endTime="2026-07-04T15:46:16.4708810-06:00" testType="13cdc9d9-ddb5-4fa4-a97d-d965ccfc6d4b" outcome="Passed" testListId="8c84fa94-04c1-424b-9868-57a2d4851a1d" relativeResultsDirectory="73e4572c-c2b4-4525-9526-90e471402c12" />
    <UnitTestResult executionId="59588ba1-3b6f-4737-a305-6f8bd90e4549" testId="2a2ac6b1-17ee-5878-a3ba-c6773b85993c" testName="AnimationEditor.App.Tests.MultiCopyPasteAppTests.Copy_MixedChainAndFrame_ClearsAnimationClipboardAndShowsError" computerName="MSI" duration="00:00:00.1156838" startTime="2026-07-04T15:46:34.0853382-06:00" endTime="2026-07-04T15:46:34.2010613-06:00" testType="13cdc9d9-ddb5-4fa4-a97d-d965ccfc6d4b" outcome="Passed" testListId="8c84fa94-04c1-424b-9868-57a2d4851a1d" relativeResultsDirectory="59588ba1-3b6f-4737-a305-6f8bd90e4549" />
    <UnitTestResult executionId="1dadb33c-37e3-4310-86c9-c3e647af7703" testId="02ae3f15-87a4-cf89-4e9c-6a7c27e36f3a" testName="AnimationEditor.App.Tests.ThumbnailServiceTests.GetImage_AfterInvalidatePath_ReturnsDifferentInstance" computerName="MSI" duration="00:00:00.0025697" startTime="2026-07-04T15:46:30.4110373-06:00" endTime="2026-07-04T15:46:30.4136455-06:00" testType="13cdc9d9-ddb5-4fa4-a97d-d965ccfc6d4b" outcome="Passed" testListId="8c84fa94-04c1-424b-9868-57a2d4851a1d" relativeResultsDirectory="1dadb33c-37e3-4310-86c9-c3e647af7703" />
    <UnitTestResult executionId="84937281-a6aa-46df-b846-b13a28225389" testId="e8240456-6e32-c509-ac6f-897f224777f9" testName="AnimationEditor.App.Tests.ThumbnailServiceTests.RenderFrameThumbnail_SquareSource_BakesAtTheRequestedSize" computerName="MSI" duration="00:00:00.0002760" startTime="2026-07-04T15:46:26.3566860-06:00" endTime="2026-07-04T15:46:26.3569835-06:00" testType="13cdc9d9-ddb5-4fa4-a97d-d965ccfc6d4b" outcome="Passed" testListId="8c84fa94-04c1-424b-9868-57a2d4851a1d" relativeResultsDirectory="84937281-a6aa-46df-b846-b13a28225389" />
    <UnitTestResult executionId="91a5540c-6b66-49d7-a39d-50558eaf0354" testId="9553c79d-48b4-33fe-eee9-b354162fa58a" testName="AnimationEditor.App.Tests.VisualRenderTests.Preview_ResumeAfterPause_RestoresIsPlaying" computerName="MSI" duration="00:00:00.0003307" startTime="2026-07-04T15:46:35.9434598-06:00" endTime="2026-07-04T15:46:35.9438277-06:00" testType="13cdc9d9-ddb5-4fa4-a97d-d965ccfc6d4b" outcome="Passed" testListId="8c84fa94-04c1-424b-9868-57a2d4851a1d" relativeResultsDirectory="91a5540c-6b66-49d7-a39d-50558eaf0354" />
    <UnitTestResult executionId="c17f6222-2f6f-4488-8dcc-d26ad1e4c161" testId="d5c27a82-034e-339c-bc15-d441c2971d9e" testName="AnimationEditor.App.Tests.TimelinePlaybackControlsTests.SelectingFrame_PausesAtFrameStart" computerName="MSI" duration="00:00:00.1742955" startTime="2026-07-04T15:46:31.7073219-06:00" endTime="2026-07-04T15:46:31.8816636-06:00" testType="13cdc9d9-ddb5-4fa4-a97d-d965ccfc6d4b" outcome="Passed" testListId="8c84fa94-04c1-424b-9868-57a2d4851a1d" relativeResultsDirectory="c17f6222-2f6f-4488-8dcc-d26ad1e4c161" />
    <UnitTestResult executionId="4ef141b6-248b-40d2-8ac4-7627f53e8b6b" testId="042333e1-bf94-015a-aeef-88c524911b59" testName="AnimationEditor.App.Tests.RulerStepTests.FormatRulerLabel_WholeStep_NegativeValue_ReturnsInteger" computerName="MSI" duration="00:00:00.0001231" startTime="2026-07-04T15:46:22.3757172-06:00" endTime="2026-07-04T15:46:22.3758628-06:00" testType="13cdc9d9-ddb5-4fa4-a97d-d965ccfc6d4b" outcome="Passed" testListId="8c84fa94-04c1-424b-9868-57a2d4851a1d" relativeResultsDirectory="4ef141b6-248b-40d2-8ac4-7627f53e8b6b" />
    <UnitTestResult executionId="ab631c8b-7d26-4a51-9cd5-bb55b91a989e" testId="bbf9a7be-ed6a-d823-bc69-7f3c3d15c7ec" testName="AnimationEditor.App.Tests.TreeNodeIconSizeTests.FrameAndShapeIcons_StayAtCompactSize" computerName="MSI" duration="00:00:00.0591797" startTime="2026-07-04T15:46:36.8792294-06:00" endTime="2026-07-04T15:46:36.9384559-06:00" testType="13cdc9d9-ddb5-4fa4-a97d-d965ccfc6d4b" outcome="Passed" testListId="8c84fa94-04c1-424b-9868-57a2d4851a1d" relativeResultsDirectory="ab631c8b-7d26-4a51-9cd5-bb55b91a989e" />
    <UnitTestResult executionId="cab4ec44-af49-4a6c-8950-c2ad0439bcde" testId="94c04d65-8e8e-ebd1-bac0-de7646d99e87" testName="AnimationEditor.App.Tests.PreviewDeleteFrameShapesClearTests.DeletePinnedFrame_FirstOfTwoFramesWithShapes_DeletedFrameShapesNotShown" computerName="MSI" duration="00:00:00.0053154" startTime="2026-07-04T15:46:30.6715276-06:00" endTime="2026-07-04T15:46:30.6768911-06:00" testType="13cdc9d9-ddb5-4fa4-a97d-d965ccfc6d4b" outcome="Passed" testListId="8c84fa94-04c1-424b-9868-57a2d4851a1d" relativeResultsDirectory="cab4ec44-af49-4a6c-8950-c2ad0439bcde" />
    <UnitTestResult executionId="3fd6798e-0512-46b1-b419-d3f6751fcba6" testId="1212f433-04ee-a7fb-93d7-a5f974fb21c3" testName="AnimationEditor.App.Tests.TimelinePlaybackControlsTests.TogglePlayPause_WhilePlaying_PausesAndPinsCurrentFrame" computerName="MSI" duration="00:00:00.1724814" startTime="2026-07-04T15:46:29.5868383-06:00" endTime="2026-07-04T15:46:29.7593666-06:00" testType="13cdc9d9-ddb5-4fa4-a97d-d965ccfc6d4b" outcome="Passed" testListId="8c84fa94-04c1-424b-9868-57a2d4851a1d" relativeResultsDirectory="3fd6798e-0512-46b1-b419-d3f6751fcba6" />
    <UnitTestResult executionId="b2eb99ee-58e0-4c6f-a2ef-ca4cdf38bf60" testId="6992123a-31f3-5f55-650d-4367b781363a" testName="AnimationEditor.App.Tests.WireframeHandlesAndBorderTests.WireframeHandles_SelectedFrame_MidLeftHandleIsOutsideFrame" computerName="MSI" duration="00:00:00.0037149" startTime="2026-07-04T15:46:26.7100459-06:00" endTime="2026-07-04T15:46:26.7137910-06:00" testType="13cdc9d9-ddb5-4fa4-a97d-d965ccfc6d4b" outcome="Passed" testListId="8c84fa94-04c1-424b-9868-57a2d4851a1d" relativeResultsDirectory="b2eb99ee-58e0-4c6f-a2ef-ca4cdf38bf60" />
    <UnitTestResult executionId="cee60eea-9ecc-4bec-a6e4-b5ce322cf803" testId="7695c6f8-2ae6-89da-4a06-ce85ea277f9d" testName="AnimationEditor.App.Tests.HeadlessTreeViewTests.ContextMenu_Chain_FirstChainInList_HidesUpAndTopItems" computerName="MSI" duration="00:00:00.0670973" startTime="2026-07-04T15:46:39.1535683-06:00" endTime="2026-07-04T15:46:39.2207167-06:00" testType="13cdc9d9-ddb5-4fa4-a97d-d965ccfc6d4b" outcome="Passed" testListId="8c84fa94-04c1-424b-9868-57a2d4851a1d" relativeResultsDirectory="cee60eea-9ecc-4bec-a6e4-b5ce322cf803" />
    <UnitTestResult executionId="8217dbca-ae31-49e3-974e-33cb2b7f61e1" testId="7f9a2772-94e8-a433-e118-9f4cc47d29e9" testName="AnimationEditor.App.Tests.TutorialMainWindowIntegrationTests.GridSnapClick_NoAchxFileName_FrameAddedWithAbsoluteTextureName" computerName="MSI" duration="00:00:00.0995545" startTime="2026-07-04T15:46:27.4788630-06:00" endTime="2026-07-04T15:46:27.5784792-06:00" testType="13cdc9d9-ddb5-4fa4-a97d-d965ccfc6d4b" outcome="Passed" testListId="8c84fa94-04c1-424b-9868-57a2d4851a1d" relativeResultsDirectory="8217dbca-ae31-49e3-974e-33cb2b7f61e1" />
    <UnitTestResult executionId="96dae6ca-65c0-4f0d-bf2d-74bf541bcbe4" testId="9a62eb6f-a62f-fd62-6bcc-4d2cce825608" testName="AnimationEditor.App.Tests.PreviewShapeResizeTests.TreeSelection_ShapeNode_SetsParentFrameAndShape" computerName="MSI" duration="00:00:00.0005045" startTime="2026-07-04T15:46:38.4849469-06:00" endTime="2026-07-04T15:46:38.4854932-06:00" testType="13cdc9d9-ddb5-4fa4-a97d-d965ccfc6d4b" outcome="Passed" testListId="8c84fa94-04c1-424b-9868-57a2d4851a1d" relativeResultsDirectory="96dae6ca-65c0-4f0d-bf2d-74bf541bcbe4" />
    <UnitTestResult executionId="ca6542fb-0729-45a9-ae7a-a34533d1875b" testId="d8da8a65-0bf9-a170-4ca8-c2c43453890d" testName="AnimationEditor.App.Tests.AboutDialogTests.BuildAboutContent_ContainsVersionTextBlock" computerName="MSI" duration="00:00:00.0004815" startTime="2026-07-04T15:46:30.6781998-06:00" endTime="2026-07-04T15:46:30.6787150-06:00" testType="13cdc9d9-ddb5-4fa4-a97d-d965ccfc6d4b" outcome="Passed" testListId="8c84fa94-04c1-424b-9868-57a2d4851a1d" relativeResultsDirectory="ca6542fb-0729-45a9-ae7a-a34533d1875b" />
    <UnitTestResult executionId="491d8827-b3ea-41fa-8992-29c13e33f302" testId="ca4b3a33-3793-cfdd-a311-2e656f1a4074" testName="AnimationEditor.App.Tests.PreviewAnimatedZoomTests.StepZoomAnimation_PivotStaysAnchoredDuringAnimation" computerName="MSI" duration="00:00:00.0023287" startTime="2026-07-04T15:46:14.9334384-06:00" endTime="2026-07-04T15:46:14.9358586-06:00" testType="13cdc9d9-ddb5-4fa4-a97d-d965ccfc6d4b" outcome="Passed" testListId="8c84fa94-04c1-424b-9868-57a2d4851a1d" relativeResultsDirectory="491d8827-b3ea-41fa-8992-29c13e33f302" />
    <UnitTestResult executionId="12b002d5-dc15-4d81-8883-67b30f6898c5" testId="da4701cf-f4f2-134c-27fe-bb72cb10b6f7" testName="AnimationEditor.App.Tests.GridRenderTests.GridSnapDoubleClick_SnapsToCorrectGridCell" computerName="MSI" duration="00:00:00.0039502" startTime="2026-07-04T15:46:35.9563278-06:00" endTime="2026-07-04T15:46:35.9603172-06:00" testType="13cdc9d9-ddb5-4fa4-a97d-d965ccfc6d4b" outcome="Passed" testListId="8c84fa94-04c1-424b-9868-57a2d4851a1d" relativeResultsDirectory="12b002d5-dc15-4d81-8883-67b30f6898c5" />
    <UnitTestResult executionId="44b4a523-7eac-49e7-85f6-aa891b6c09ef" testId="20ef7a52-2a57-f164-23fe-a989f59fe615" testName="AnimationEditor.App.Tests.TreeNodeIconSizeTests.ChainIcon_StillFitsWithinRowHeight" computerName="MSI" duration="00:00:00.1075104" startTime="2026-07-04T15:46:36.0109601-06:00" endTime="2026-07-04T15:46:36.1185332-06:00" testType="13cdc9d9-ddb5-4fa4-a97d-d965ccfc6d4b" outcome="Passed" testListId="8c84fa94-04c1-424b-9868-57a2d4851a1d" relativeResultsDirectory="44b4a523-7eac-49e7-85f6-aa891b6c09ef" />
    <UnitTestResult executionId="9e60f89e-a2e3-4019-bb36-909ee7a3e72c" testId="49f1b5f7-2ca6-2183-22bf-1864d081dd58" testName="AnimationEditor.App.Tests.PreviewShapeResizeTests.ResizeRect_AfterCommit_UndoRestoresDimensions" computerName="MSI" duration="00:00:00.0004860" startTime="2026-07-04T15:46:35.3885883-06:00" endTime="2026-07-04T15:46:35.3891106-06:00" testType="13cdc9d9-ddb5-4fa4-a97d-d965ccfc6d4b" outcome="Passed" testListId="8c84fa94-04c1-424b-9868-57a2d4851a1d" relativeResultsDirectory="9e60f89e-a2e3-4019-bb36-909ee7a3e72c" />
    <UnitTestResult executionId="de5db031-7275-4e00-90bc-421f1ffc34b3" testId="9c69281e-256a-7a52-ac5b-08486c9c15ea" testName="AnimationEditor.App.Tests.PreviewControlSetGuidesTests.SetGuides_RestoresHorizontalAndVerticalGuides" computerName="MSI" duration="00:00:00.0006394" startTime="2026-07-04T15:46:36.7096387-06:00" endTime="2026-07-04T15:46:36.7103150-06:00" testType="13cdc9d9-ddb5-4fa4-a97d-d965ccfc6d4b" outcome="Passed" testListId="8c84fa94-04c1-424b-9868-57a2d4851a1d" relativeResultsDirectory="de5db031-7275-4e00-90bc-421f1ffc34b3" />
    <UnitTestResult executionId="551e7146-e514-493b-af95-7934f8e87919" testId="a8ec7134-0341-1eae-fa91-f5ea3cf0822f" testName="AnimationEditor.App.Tests.PreviewPanLimitTests.WheelZoom_InOnOffsetShape_KeepsContentReachable" computerName="MSI" duration="00:00:00.0003775" startTime="2026-07-04T15:46:25.7683266-06:00" endTime="2026-07-04T15:46:25.7687354-06:00" testType="13cdc9d9-ddb5-4fa4-a97d-d965ccfc6d4b" outcome="Passed" testListId="8c84fa94-04c1-424b-9868-57a2d4851a1d" relativeResultsDirectory="551e7146-e514-493b-af95-7934f8e87919" />
    <UnitTestResult executionId="8283189a-c32b-4fbf-882c-40bde4fca666" testId="84182dd2-c6b8-e2b4-7c68-d1b73d9b4501" testName="AnimationEditor.App.Tests.PreviewCircleSelectionTests.SimulateCanvasClick_SelectsRect_WhenClickAtRectCenter" computerName="MSI" duration="00:00:00.0011331" startTime="2026-07-04T15:46:14.9519333-06:00" endTime="2026-07-04T15:46:14.9531100-06:00" testType="13cdc9d9-ddb5-4fa4-a97d-d965ccfc6d4b" outcome="Passed" testListId="8c84fa94-04c1-424b-9868-57a2d4851a1d" relativeResultsDirectory="8283189a-c32b-4fbf-882c-40bde4fca666" />
    <UnitTestResult executionId="5f0f5e34-0fee-4ced-8205-ff845e4a1e09" testId="c721197e-2350-a11c-865c-cdd4771166b8" testName="AnimationEditor.App.Tests.CopyPasteFocusGateTests.MetaC_NonTextBoxFocused_CopiesChain" computerName="MSI" duration="00:00:00.0721055" startTime="2026-07-04T15:46:36.4877167-06:00" endTime="2026-07-04T15:46:36.5598632-06:00" testType="13cdc9d9-ddb5-4fa4-a97d-d965ccfc6d4b" outcome="Passed" testListId="8c84fa94-04c1-424b-9868-57a2d4851a1d" relativeResultsDirectory="5f0f5e34-0fee-4ced-8205-ff845e4a1e09" />
    <UnitTestResult executionId="201c793d-9351-4ccc-b698-25be4ac2687e" testId="8f5ae7d8-ae63-b632-9edc-fd9c106cb236" testName="AnimationEditor.App.Tests.MainWindowMenuFlowTests.SaveAs_WithStubDialog_CreatesFileAndUpdatesFileName" computerName="MSI" duration="00:00:00.1331421" startTime="2026-07-04T15:46:39.2232447-06:00" endTime="2026-07-04T15:46:39.3564439-06:00" testType="13cdc9d9-ddb5-4fa4-a97d-d965ccfc6d4b" outcome="Passed" testListId="8c84fa94-04c1-424b-9868-57a2d4851a1d" relativeResultsDirectory="201c793d-9351-4ccc-b698-25be4ac2687e" />
    <UnitTestResult executionId="1ae530a1-4b85-44a8-9a5e-ea9fafc6f536" testId="7909253a-d476-66c7-66a4-bc1186d16a9d" testName="AnimationEditor.App.Tests.WireframeMultiChainTests.MultiChain_SelectedNodes_RendersFramesFromAllChains" computerName="MSI" duration="00:00:00.0043692" startTime="2026-07-04T15:46:21.5699635-06:00" endTime="2026-07-04T15:46:21.5743889-06:00" testType="13cdc9d9-ddb5-4fa4-a97d-d965ccfc6d4b" outcome="Passed" testListId="8c84fa94-04c1-424b-9868-57a2d4851a1d" relativeResultsDirectory="1ae530a1-4b85-44a8-9a5e-ea9fafc6f536" />
    <UnitTestResult executionId="b698654a-15fd-41b8-8192-385cdf086d7b" testId="828c2275-1443-7b62-fb87-7065707b904e" testName="AnimationEditor.App.Tests.VisualRenderTests.Preview_SelectedRect_RendersGoldOutline" computerName="MSI" duration="00:00:00.0019471" startTime="2026-07-04T15:46:33.7789284-06:00" endTime="2026-07-04T15:46:33.7809313-06:00" testType="13cdc9d9-ddb5-4fa4-a97d-d965ccfc6d4b" outcome="Passed" testListId="8c84fa94-04c1-424b-9868-57a2d4851a1d" relativeResultsDirectory="b698654a-15fd-41b8-8192-385cdf086d7b" />
    <UnitTestResult executionId="2608eb8b-0039-46db-b986-05ff2f6fceca" testId="389d239e-b02f-701f-80d0-cd0f7d0a5fd5" testName="AnimationEditor.App.Tests.WireframeHandlesAndBorderTests.WireframeTextureOutline_OutsideBackgroundBrighterNearBorder" computerName="MSI" duration="00:00:00.0044220" startTime="2026-07-04T15:46:33.6186540-06:00" endTime="2026-07-04T15:46:33.6231194-06:00" testType="13cdc9d9-ddb5-4fa4-a97d-d965ccfc6d4b" outcome="Passed" testListId="8c84fa94-04c1-424b-9868-57a2d4851a1d" relativeResultsDirectory="2608eb8b-0039-46db-b986-05ff2f6fceca" />
    <UnitTestResult executionId="1d242bad-012e-47d3-aa22-c430ff32b884" testId="20d4cecf-a5c1-0f3e-1f3e-e6c288ab9ffa" testName="AnimationEditor.App.Tests.PreviewCenterOnEntityPointTests.HandleDoubleTap_FrameNode_PansPreviewToFrameOffset" computerName="MSI" duration="00:00:00.0670480" startTime="2026-07-04T15:46:28.9455703-06:00" endTime="2026-07-04T15:46:29.0126708-06:00" testType="13cdc9d9-ddb5-4fa4-a97d-d965ccfc6d4b" outcome="Passed" testListId="8c84fa94-04c1-424b-9868-57a2d4851a1d" relativeResultsDirectory="1d242bad-012e-47d3-aa22-c430ff32b884" />
    <UnitTestResult executionId="72e9144f-a137-4fa6-9011-f13c415681fd" testId="8a181be2-9b8a-823c-710f-2a3bd258b60f" testName="AnimationEditor.App.Tests.HandleCursorMapperTests.Maps_each_handle_kind_to_the_expected_cursor(kind: BotRight, expected: BottomRightCorner)" computerName="MSI" duration="00:00:00.0003535" startTime="2026-07-04T15:46:33.7930804-06:00" endTime="2026-07-04T15:46:33.7934593-06:00" testType="13cdc9d9-ddb5-4fa4-a97d-d965ccfc6d4b" outcome="Passed" testListId="8c84fa94-04c1-424b-9868-57a2d4851a1d" relativeResultsDirectory="72e9144f-a137-4fa6-9011-f13c415681fd" />
    <UnitTestResult executionId="0cbcfada-7838-4633-8aa0-ff87b9304674" testId="90ab32d7-73d0-1e2d-5812-bdaa09bcd3bb" testName="AnimationEditor.App.Tests.VisualRenderTests.Preview_OnionSkin_DifferentRelativeY_RendersAtOwnPosition" computerName="MSI" duration="00:00:00.0060495" startTime="2026-07-04T15:46:38.6074323-06:00" endTime="2026-07-04T15:46:38.6135101-06:00" testType="13cdc9d9-ddb5-4fa4-a97d-d965ccfc6d4b" outcome="Passed" testListId="8c84fa94-04c1-424b-9868-57a2d4851a1d" relativeResultsDirectory="0cbcfada-7838-4633-8aa0-ff87b9304674" />
    <UnitTestResult executionId="2221717c-9d96-4680-ae3d-341adf6477c8" testId="744172a2-1b00-925e-36ed-a0ae74c3da76" testName="AnimationEditor.App.Tests.ThemeManagerTests.ToVariant_System_ReturnsDefaultVariant" computerName="MSI" duration="00:00:00.0001291" startTime="2026-07-04T15:46:27.0107298-06:00" endTime="2026-07-04T15:46:27.0108866-06:00" testType="13cdc9d9-ddb5-4fa4-a97d-d965ccfc6d4b" outcome="Passed" testListId="8c84fa94-04c1-424b-9868-57a2d4851a1d" relativeResultsDirectory="2221717c-9d96-4680-ae3d-341adf6477c8" />
    <UnitTestResult executionId="812f4e1a-ba9b-46d1-b040-c19b2fbc22bc" testId="42600103-1a32-097a-502d-0f1720b809ef" testName="AnimationEditor.App.Tests.RulerStepTests.GetRulerStep_BeyondAllCandidates_ReturnsSmallestCandidate" computerName="MSI" duration="00:00:00.0001219" startTime="2026-07-04T15:46:22.3763790-06:00" endTime="2026-07-04T15:46:22.3765239-06:00" testType="13cdc9d9-ddb5-4fa4-a97d-d965ccfc6d4b" outcome="Passed" testListId="8c84fa94-04c1-424b-9868-57a2d4851a1d" relativeResultsDirectory="812f4e1a-ba9b-46d1-b040-c19b2fbc22bc" />
    <UnitTestResult executionId="afd38990-e093-4781-a2e7-84be55928a91" testId="6637ab4f-b7e8-94bc-c928-ca13faa0424a" testName="AnimationEditor.App.Tests.GuidePersistenceAcrossChainSwitchTests.Guide_WithTexturedChains_PersistsAfterSwitch" computerName="MSI" duration="00:00:00.0018118" startTime="2026-07-04T15:46:31.9711273-06:00" endTime="2026-07-04T15:46:31.9729846-06:00" testType="13cdc9d9-ddb5-4fa4-a97d-d965ccfc6d4b" outcome="Passed" testListId="8c84fa94-04c1-424b-9868-57a2d4851a1d" relativeResultsDirectory="afd38990-e093-4781-a2e7-84be55928a91" />
    <UnitTestResult executionId="6af3ef3f-dd4a-4df8-859d-2e57d8364681" testId="3e267ac9-757a-6acf-9498-e083af6ee997" testName="AnimationEditor.App.Tests.GuidePanTests.Guide_HiddenWhenShowGuidesFalse_NoCrosshairAtCenter" computerName="MSI" duration="00:00:00.0003470" startTime="2026-07-04T15:46:30.5153607-06:00" endTime="2026-07-04T15:46:30.5157352-06:00" testType="13cdc9d9-ddb5-4fa4-a97d-d965ccfc6d4b" outcome="Passed" testListId="8c84fa94-04c1-424b-9868-57a2d4851a1d" relativeResultsDirectory="6af3ef3f-dd4a-4df8-859d-2e57d8364681" />
    <UnitTestResult executionId="325f2145-ae2e-43a7-b5ab-58f2574f2263" testId="d3504a71-c8e9-588f-5c46-5e5ecd52f9db" testName="AnimationEditor.App.Tests.HeadlessTreeViewTests.MoveFrame_PreservesFrameVmIdentityAndSelection" computerName="MSI" duration="00:00:00.1153831" startTime="2026-07-04T15:46:41.4102253-06:00" endTime="2026-07-04T15:46:41.5256568-06:00" testType="13cdc9d9-ddb5-4fa4-a97d-d965ccfc6d4b" outcome="Passed" testListId="8c84fa94-04c1-424b-9868-57a2d4851a1d" relativeResultsDirectory="325f2145-ae2e-43a7-b5ab-58f2574f2263" />
    <UnitTestResult executionId="04e09f35-bcd5-4917-ac7e-35e2539497e7" testId="4b530ac3-c9d5-82a9-b6eb-0ba7429b5198" testName="AnimationEditor.App.Tests.HeadlessTreeViewTests.TreeView_SelectionMode_IsMultiple" computerName="MSI" duration="00:00:00.0590550" startTime="2026-07-04T15:46:39.8692289-06:00" endTime="2026-07-04T15:46:39.9283345-06:00" testType="13cdc9d9-ddb5-4fa4-a97d-d965ccfc6d4b" outcome="Passed" testListId="8c84fa94-04c1-424b-9868-57a2d4851a1d" relativeResultsDirectory="04e09f35-bcd5-4917-ac7e-35e2539497e7" />
    <UnitTestResult executionId="9fb21b5f-ac02-4296-ad11-1a04a7610b2d" testId="165d641e-4e5b-8e4b-0a45-5b5d275e6766" testName="AnimationEditor.App.Tests.TreeThumbnailTests.RefreshTreeView_ChainWithFirstFrame_SetsChainNodeThumbnail" computerName="MSI" duration="00:00:00.0730416" startTime="2026-07-04T15:46:36.7594147-06:00" endTime="2026-07-04T15:46:36.8325062-06:00" testType="13cdc9d9-ddb5-4fa4-a97d-d965ccfc6d4b" outcome="Passed" testListId="8c84fa94-04c1-424b-9868-57a2d4851a1d" relativeResultsDirectory="9fb21b5f-ac02-4296-ad11-1a04a7610b2d" />
    <UnitTestResult executionId="95e825bc-2786-4057-af05-a8b8bdcab38b" testId="d3cf5ec0-2208-055a-5bb7-f9cd57f198eb" testName="AnimationEditor.App.Tests.HeadlessTreeViewTests.ContextMenu_ChainSelected_ContainsAddFrame" computerName="MSI" duration="00:00:00.0488354" startTime="2026-07-04T15:46:36.1200775-06:00" endTime="2026-07-04T15:46:36.1689742-06:00" testType="13cdc9d9-ddb5-4fa4-a97d-d965ccfc6d4b" outcome="Passed" testListId="8c84fa94-04c1-424b-9868-57a2d4851a1d" relativeResultsDirectory="95e825bc-2786-4057-af05-a8b8bdcab38b" />
    <UnitTestResult executionId="85542be6-f684-4fa1-8099-2cb9a73809d2" testId="680b55eb-71df-aafe-108f-b07fd37c3f7f" testName="AnimationEditor.App.Tests.WireframeMultiChainTests.BulkHandleDrag_Right_AppliesSameDeltaToBothFrames" computerName="MSI" duration="00:00:00.0085677" startTime="2026-07-04T15:46:18.6276081-06:00" endTime="2026-07-04T15:46:18.6362808-06:00" testType="13cdc9d9-ddb5-4fa4-a97d-d965ccfc6d4b" outcome="Passed" testListId="8c84fa94-04c1-424b-9868-57a2d4851a1d" relativeResultsDirectory="85542be6-f684-4fa1-8099-2cb9a73809d2" />
    <UnitTestResult executionId="e921434b-3012-48ed-957e-255298abb25e" testId="03d11bae-5efd-36b7-8f72-a73475cb09bb" testName="AnimationEditor.App.Tests.ThumbnailServiceTests.InvalidatePath_MixedCase_EvictsCacheKeyRegardlessOfCase" computerName="MSI" duration="00:00:00.0003317" startTime="2026-07-04T15:46:29.0185914-06:00" endTime="2026-07-04T15:46:29.0189551-06:00" testType="13cdc9d9-ddb5-4fa4-a97d-d965ccfc6d4b" outcome="Passed" testListId="8c84fa94-04c1-424b-9868-57a2d4851a1d" relativeResultsDirectory="e921434b-3012-48ed-957e-255298abb25e" />
    <UnitTestResult executionId="dd557ff6-6b7d-4af9-a775-6754dc04b7ad" testId="395dd671-a1ab-82dd-210e-8829c23c3040" testName="AnimationEditor.App.Tests.WireframeChainDragTests.SimulateChainDrag_NoMovement_DoesNotRecordUndo" computerName="MSI" duration="00:00:00.0051234" startTime="2026-07-04T15:46:32.4360166-06:00" endTime="2026-07-04T15:46:32.4411820-06:00" testType="13cdc9d9-ddb5-4fa4-a97d-d965ccfc6d4b" outcome="Passed" testListId="8c84fa94-04c1-424b-9868-57a2d4851a1d" relativeResultsDirectory="dd557ff6-6b7d-4af9-a775-6754dc04b7ad" />
    <UnitTestResult executionId="75bf37cb-3324-4a94-8471-2dac909b7481" testId="333dfc3f-34a7-f358-eea4-b7626935e5d9" testName="AnimationEditor.App.Tests.RulerStepTests.IsMajorTick_NegativeWithFloatDrift_IsTrue" computerName="MSI" duration="00:00:00.0001211" startTime="2026-07-04T15:46:22.3776961-06:00" endTime="2026-07-04T15:46:22.3778498-06:00" testType="13cdc9d9-ddb5-4fa4-a97d-d965ccfc6d4b" outcome="Passed" testListId="8c84fa94-04c1-424b-9868-57a2d4851a1d" relativeResultsDirectory="75bf37cb-3324-4a94-8471-2dac909b7481" />
    <UnitTestResult executionId="65efb038-e581-4db0-87c0-45f31698d2f2" testId="3fc6e2ee-b9a4-ffb6-0998-e5238590ea7c" testName="AnimationEditor.App.Tests.ChainSwitchTests.Preview_ChainSwitch_ToNull_RendersBackground" computerName="MSI" duration="00:00:00.0033314" startTime="2026-07-04T15:46:30.4119119-06:00" endTime="2026-07-04T15:46:30.4152858-06:00" testType="13cdc9d9-ddb5-4fa4-a97d-d965ccfc6d4b" outcome="Passed" testListId="8c84fa94-04c1-424b-9868-57a2d4851a1d" relativeResultsDirectory="65efb038-e581-4db0-87c0-45f31698d2f2" />
    <UnitTestResult executionId="dfb8bc03-90fa-4131-a116-5127b65d2882" testId="6534718b-b33b-2010-b4e2-e8c8fd5c0fca" testName="AnimationEditor.App.Tests.GridRenderTests.GridDisabled_BoundsMatchRawUV" computerName="MSI" duration="00:00:00.0028800" startTime="2026-07-04T15:46:33.7833205-06:00" endTime="2026-07-04T15:46:33.7862286-06:00" testType="13cdc9d9-ddb5-4fa4-a97d-d965ccfc6d4b" outcome="Passed" testListId="8c84fa94-04c1-424b-9868-57a2d4851a1d" relativeResultsDirectory="dfb8bc03-90fa-4131-a116-5127b65d2882" />
    <UnitTestResult executionId="f1c41a23-db8b-42b3-9c7b-4da9b15a07c4" testId="a4bb9dbf-9597-3419-3cd8-e1b45eac2c0d" testName="AnimationEditor.App.Tests.VisualRenderTests.WireframeRenderToBitmap_ReturnsRequestedDimensions" computerName="MSI" duration="00:00:00.0005252" startTime="2026-07-04T15:46:40.1786884-06:00" endTime="2026-07-04T15:46:40.1792601-06:00" testType="13cdc9d9-ddb5-4fa4-a97d-d965ccfc6d4b" outcome="Passed" testListId="8c84fa94-04c1-424b-9868-57a2d4851a1d" relativeResultsDirectory="f1c41a23-db8b-42b3-9c7b-4da9b15a07c4" />
    <UnitTestResult executionId="d0647540-d079-44d9-bf03-b41d529b1516" testId="807cf592-58c7-fdbe-39cf-7a143e98e24c" testName="AnimationEditor.App.Tests.WireframeMultiChainTests.BulkHandleDrag_TopLeft_AppliesSameDeltaToBothFrames" computerName="MSI" duration="00:00:00.0038231" startTime="2026-07-04T15:46:24.0525852-06:00" endTime="2026-07-04T15:46:24.0564493-06:00" testType="13cdc9d9-ddb5-4fa4-a97d-d965ccfc6d4b" outcome="Passed" testListId="8c84fa94-04c1-424b-9868-57a2d4851a1d" relativeResultsDirectory="d0647540-d079-44d9-bf03-b41d529b1516" />
    <UnitTestResult executionId="4011d7e3-933c-480c-b65e-ac7da4a748b0" testId="f16eef85-68b3-b323-1a58-714690db7620" testName="AnimationEditor.App.Tests.StatusBarTests.StatusBar_CountsBlank_AfterNewFile" computerName="MSI" duration="00:00:00.2372493" startTime="2026-07-04T15:46:21.5823811-06:00" endTime="2026-07-04T15:46:21.8197068-06:00" testType="13cdc9d9-ddb5-4fa4-a97d-d965ccfc6d4b" outcome="Passed" testListId="8c84fa94-04c1-424b-9868-57a2d4851a1d" relativeResultsDirectory="4011d7e3-933c-480c-b65e-ac7da4a748b0" />
    <UnitTestResult executionId="1958a9cc-3914-496e-8005-dbe96898a321" testId="12bdd935-d188-2b56-8ec2-1d91658d5324" testName="AnimationEditor.App.Tests.PreviewControlSetGuidesTests.SetGuides_WithEmptyLists_ClearsAllGuides" computerName="MSI" duration="00:00:00.0008002" startTime="2026-07-04T15:46:35.7596683-06:00" endTime="2026-07-04T15:46:35.7604974-06:00" testType="13cdc9d9-ddb5-4fa4-a97d-d965ccfc6d4b" outcome="Passed" testListId="8c84fa94-04c1-424b-9868-57a2d4851a1d" relativeResultsDirectory="1958a9cc-3914-496e-8005-dbe96898a321" />
    <UnitTestResult executionId="702bef1a-282a-40a2-8ba5-ffe7b97c7f8e" testId="5261536b-cd36-dac9-bf81-95400514e4c7" testName="AnimationEditor.App.Tests.StatusBarTests.StatusBar_ShowsAutoSaveFailed_AfterMarkSaveFailed" computerName="MSI" duration="00:00:00.0648342" startTime="2026-07-04T15:46:30.9797021-06:00" endTime="2026-07-04T15:46:31.0445814-06:00" testType="13cdc9d9-ddb5-4fa4-a97d-d965ccfc6d4b" outcome="Passed" testListId="8c84fa94-04c1-424b-9868-57a2d4851a1d" relativeResultsDirectory="702bef1a-282a-40a2-8ba5-ffe7b97c7f8e" />
    <UnitTestResult executionId="daca8867-b54b-4587-ab15-dbb1a35cdde5" testId="29a0fa56-8715-6cba-dd11-a4eb2518eca1" testName="AnimationEditor.App.Tests.MultiCopyPasteAppTests.CtrlD_ThreeFrames_SelectsAllDuplicatesInTree" computerName="MSI" duration="00:00:00.2333397" startTime="2026-07-04T15:46:37.0761418-06:00" endTime="2026-07-04T15:46:37.3095426-06:00" testType="13cdc9d9-ddb5-4fa4-a97d-d965ccfc6d4b" outcome="Passed" testListId="8c84fa94-04c1-424b-9868-57a2d4851a1d" relativeResultsDirectory="daca8867-b54b-4587-ab15-dbb1a35cdde5" />
    <UnitTestResult executionId="9411a02d-70f9-4a16-a4a8-b56bd3f47340" testId="941521aa-56f1-a31e-a080-306541b10afb" testName="AnimationEditor.App.Tests.HeadlessTreeViewTests.TreeView_DeselectOne_LeavesSingleItemSelected" computerName="MSI" duration="00:00:00.0728743" startTime="2026-07-04T15:46:30.8442186-06:00" endTime="2026-07-04T15:46:30.9171430-06:00" testType="13cdc9d9-ddb5-4fa4-a97d-d965ccfc6d4b" outcome="Passed" testListId="8c84fa94-04c1-424b-9868-57a2d4851a1d" relativeResultsDirectory="9411a02d-70f9-4a16-a4a8-b56bd3f47340" />
    <UnitTestResult executionId="2dff7610-b848-47e8-ac24-57aa69a24cbf" testId="e320cca8-2e57-50ea-3893-8c30c5b992c6" testName="AnimationEditor.App.Tests.CanvasPaletteTests.For_Light_BackgroundIsLight" computerName="MSI" duration="00:00:00.0001386" startTime="2026-07-04T15:45:57.3736913-06:00" endTime="2026-07-04T15:45:57.3738522-06:00" testType="13cdc9d9-ddb5-4fa4-a97d-d965ccfc6d4b" outcome="Passed" testListId="8c84fa94-04c1-424b-9868-57a2d4851a1d" relativeResultsDirectory="2dff7610-b848-47e8-ac24-57aa69a24cbf" />
    <UnitTestResult executionId="4d0c3866-271b-41f2-b419-be1b4e90e60a" testId="b2b4c1c4-8f04-cf19-e2ab-2cfa864dc7e4" testName="AnimationEditor.App.Tests.TutorialMainWindowIntegrationTests.GridSnapClick_WithTextureAndChain_AddsFrameWithCorrectUVAndRelativePath" computerName="MSI" duration="00:00:00.0632178" startTime="2026-07-04T15:46:30.2489953-06:00" endTime="2026-07-04T15:46:30.3122637-06:00" testType="13cdc9d9-ddb5-4fa4-a97d-d965ccfc6d4b" outcome="Passed" testListId="8c84fa94-04c1-424b-9868-57a2d4851a1d" relativeResultsDirectory="4d0c3866-271b-41f2-b419-be1b4e90e60a" />
    <UnitTestResult executionId="44ad24d3-8b33-41f7-a2e0-0ef48e1b8eb5" testId="d4872afe-d487-71d3-51d1-b54dfb55228c" testName="AnimationEditor.App.Tests.FlankerFieldLayoutTests.FlankerField_StaysBetweenButtons(fieldName: &quot;GridSizeInput&quot;, minusName: &quot;GridSizeMinusBtn&quot;, plusName: &quot;GridSizePlusBtn&quot;)" computerName="MSI" duration="00:00:00.1341009" startTime="2026-07-04T15:46:13.7788974-06:00" endTime="2026-07-04T15:46:13.9130645-06:00" testType="13cdc9d9-ddb5-4fa4-a97d-d965ccfc6d4b" outcome="Passed" testListId="8c84fa94-04c1-424b-9868-57a2d4851a1d" relativeResultsDirectory="44ad24d3-8b33-41f7-a2e0-0ef48e1b8eb5" />
    <UnitTestResult executionId="9bf3821e-71e9-44e0-bbd0-c2d382bb01db" testId="8455bf73-4728-930e-b60f-473459834165" testName="AnimationEditor.App.Tests.HeadlessTreeViewTests.TreeView_SelectTwoNodes_BothAppearInSelectedItems" computerName="MSI" duration="00:00:00.0469613" startTime="2026-07-04T15:46:40.4922681-06:00" endTime="2026-07-04T15:46:40.5392782-06:00" testType="13cdc9d9-ddb5-4fa4-a97d-d965ccfc6d4b" outcome="Passed" testListId="8c84fa94-04c1-424b-9868-57a2d4851a1d" relativeResultsDirectory="9bf3821e-71e9-44e0-bbd0-c2d382bb01db" />
    <UnitTestResult executionId="e326b922-27bc-4df1-826e-c8581f7f879a" testId="5aae2991-11ac-0173-0677-cf80f5e74901" testName="AnimationEditor.App.Tests.HeadlessTreeViewTests.RefreshTreeView_GrowOnly_KeepsFilteredChainVisibleAfterRenamedOutOfFilter" computerName="MSI" duration="00:00:00.0914519" startTime="2026-07-04T15:46:39.4391908-06:00" endTime="2026-07-04T15:46:39.5306914-06:00" testType="13cdc9d9-ddb5-4fa4-a97d-d965ccfc6d4b" outcome="Passed" testListId="8c84fa94-04c1-424b-9868-57a2d4851a1d" relativeResultsDirectory="e326b922-27bc-4df1-826e-c8581f7f879a" />
    <UnitTestResult executionId="be02a1a8-87f7-4b1e-b00d-6d6409733573" testId="176e1dff-a6b8-9fea-3ab2-b2afb79d278d" testName="AnimationEditor.App.Tests.GuideCursorResolverTests.HoverInLeftRuler_ReturnsNull" computerName="MSI" duration="00:00:00.0001309" startTime="2026-07-04T15:45:57.3741899-06:00" endTime="2026-07-04T15:45:57.3743426-06:00" testType="13cdc9d9-ddb5-4fa4-a97d-d965ccfc6d4b" outcome="Passed" testListId="8c84fa94-04c1-424b-9868-57a2d4851a1d" relativeResultsDirectory="be02a1a8-87f7-4b1e-b00d-6d6409733573" />
    <UnitTestResult executionId="b103450b-5f40-4762-b8e2-275919a34df9" testId="4609b657-328d-942e-ea57-2700e879894f" testName="AnimationEditor.App.Tests.GuideCursorResolverTests.HoverInTopRuler_ReturnsNull" computerName="MSI" duration="00:00:00.0001381" startTime="2026-07-04T15:45:57.3730527-06:00" endTime="2026-07-04T15:45:57.3732095-06:00" testType="13cdc9d9-ddb5-4fa4-a97d-d965ccfc6d4b" outcome="Passed" testListId="8c84fa94-04c1-424b-9868-57a2d4851a1d" relativeResultsDirectory="b103450b-5f40-4762-b8e2-275919a34df9" />
    <UnitTestResult executionId="ddaa22d2-b5e5-49f8-a822-f769ea89c7a0" testId="e88f4a79-9d89-2d66-eb1f-e3715b794a49" testName="AnimationEditor.App.Tests.WindowsFileAssociationTests.IsOurProgId_DifferentCase_ReturnsTrue" computerName="MSI" duration="00:00:00.0003896" startTime="2026-07-04T15:46:33.2516316-06:00" endTime="2026-07-04T15:46:33.2520504-06:00" testType="13cdc9d9-ddb5-4fa4-a97d-d965ccfc6d4b" outcome="Passed" testListId="8c84fa94-04c1-424b-9868-57a2d4851a1d" relativeResultsDirectory="ddaa22d2-b5e5-49f8-a822-f769ea89c7a0" />
    <UnitTestResult executionId="216c931e-61af-4f88-b1c0-888672f175ed" testId="7ad94f3d-3106-8600-0d45-5bd3e098f555" testName="AnimationEditor.App.Tests.GridRenderTests.Grid_CellSizeOne_DoesNotCrash" computerName="MSI" duration="00:00:00.0033296" startTime="2026-07-04T15:46:38.8937461-06:00" endTime="2026-07-04T15:46:38.8971141-06:00" testType="13cdc9d9-ddb5-4fa4-a97d-d965ccfc6d4b" outcome="Passed" testListId="8c84fa94-04c1-424b-9868-57a2d4851a1d" relativeResultsDirectory="216c931e-61af-4f88-b1c0-888672f175ed" />
    <UnitTestResult executionId="65664510-530a-4102-98b4-58d2294b4cdb" testId="f73f9b37-099c-a8b8-1ba4-835f8ff19b4c" testName="AnimationEditor.App.Tests.WireframePanZoomTests.WheelZoom_SymmetricInOut_RoundTripsCamera" computerName="MSI" duration="00:00:00.0629279" startTime="2026-07-04T15:46:34.6744402-06:00" endTime="2026-07-04T15:46:34.7374074-06:00" testType="13cdc9d9-ddb5-4fa4-a97d-d965ccfc6d4b" outcome="Passed" testListId="8c84fa94-04c1-424b-9868-57a2d4851a1d" relativeResultsDirectory="65664510-530a-4102-98b4-58d2294b4cdb" />
    <UnitTestResult executionId="4d235b59-2a22-4a17-8a62-ed905635745e" testId="5dd47dfd-6c19-b026-b2ad-05985d5b8a7f" testName="AnimationEditor.App.Tests.PreviewPanLimitTests.WheelZoom_TowardFarLeft_ClampsPanX" computerName="MSI" duration="00:00:00.0006172" startTime="2026-07-04T15:46:24.0414563-06:00" endTime="2026-07-04T15:46:24.0421155-06:00" testType="13cdc9d9-ddb5-4fa4-a97d-d965ccfc6d4b" outcome="Passed" testListId="8c84fa94-04c1-424b-9868-57a2d4851a1d" relativeResultsDirectory="4d235b59-2a22-4a17-8a62-ed905635745e" />
    <UnitTestResult executionId="ceb75483-dc5e-4d17-a299-bc77db2917e9" testId="947aedcb-30cb-1d1b-c433-57c028e2a16a" testName="AnimationEditor.App.Tests.VisualRenderTests.Preview_RectShape_RendersGreenOutlineAtExpectedPosition" computerName="MSI" duration="00:00:00.0007669" startTime="2026-07-04T15:46:41.2063758-06:00" endTime="2026-07-04T15:46:41.2072270-06:00" testType="13cdc9d9-ddb5-4fa4-a97d-d965ccfc6d4b" outcome="Passed" testListId="8c84fa94-04c1-424b-9868-57a2d4851a1d" relativeResultsDirectory="ceb75483-dc5e-4d17-a299-bc77db2917e9" />
    <UnitTestResult executionId="39456717-4138-4332-ba9e-20b57aae0478" testId="d6aad539-ded7-fd7d-4bf4-48a8c4cc1ded" testName="AnimationEditor.App.Tests.WireframePanZoomTests.LoadTexture_SmallImage_CentersTexture" computerName="MSI" duration="00:00:00.0674022" startTime="2026-07-04T15:46:39.5381106-06:00" endTime="2026-07-04T15:46:39.6055696-06:00" testType="13cdc9d9-ddb5-4fa4-a97d-d965ccfc6d4b" outcome="Passed" testListId="8c84fa94-04c1-424b-9868-57a2d4851a1d" relativeResultsDirectory="39456717-4138-4332-ba9e-20b57aae0478" />
    <UnitTestResult executionId="ad060367-98bc-4544-93a2-e90a8b4e39b0" testId="54a284f9-9ce0-7764-4b69-5ad3e34a3fbf" testName="AnimationEditor.App.Tests.HeadlessTreeViewTests.AddFrameBtnDoubleTapped_MarksEventHandled" computerName="MSI" duration="00:00:00.0448462" startTime="2026-07-04T15:46:40.0250571-06:00" endTime="2026-07-04T15:46:40.0699548-06:00" testType="13cdc9d9-ddb5-4fa4-a97d-d965ccfc6d4b" outcome="Passed" testListId="8c84fa94-04c1-424b-9868-57a2d4851a1d" relativeResultsDirectory="ad060367-98bc-4544-93a2-e90a8b4e39b0" />
    <UnitTestResult executionId="b482d68b-aca6-4fd7-99a5-a055169ff579" testId="6ad9bba3-6a93-8a2c-0f40-a8c96fedd74d" testName="AnimationEditor.App.Tests.MainWindowMenuFlowTests.Save_WithFileName_WritesFileToDisk" computerName="MSI" duration="00:00:00.0678982" startTime="2026-07-04T15:46:32.4527793-06:00" endTime="2026-07-04T15:46:32.5207316-06:00" testType="13cdc9d9-ddb5-4fa4-a97d-d965ccfc6d4b" outcome="Passed" testListId="8c84fa94-04c1-424b-9868-57a2d4851a1d" relativeResultsDirectory="b482d68b-aca6-4fd7-99a5-a055169ff579" />
    <UnitTestResult executionId="a4f3f333-50aa-45b2-8ae5-48ed0c9aba58" testId="750eaf15-431b-d6b9-794b-fa88e33496b7" testName="AnimationEditor.App.Tests.StatusMessageTests.ErrorBanner_StripsLeadingWarningGlyph_NoDoubleIcon" computerName="MSI" duration="00:00:00.1138237" startTime="2026-07-04T15:46:27.8594884-06:00" endTime="2026-07-04T15:46:27.9733597-06:00" testType="13cdc9d9-ddb5-4fa4-a97d-d965ccfc6d4b" outcome="Passed" testListId="8c84fa94-04c1-424b-9868-57a2d4851a1d" relativeResultsDirectory="a4f3f333-50aa-45b2-8ae5-48ed0c9aba58" />
    <UnitTestResult executionId="c768cb31-d427-4671-b2be-2de3fc89cba2" testId="6347c2e4-678e-f6ea-32a2-5f3b5beb08e1" testName="AnimationEditor.App.Tests.PreviewCenterOnEntityPointTests.CenterOnEntityPoint_NegativeCoordinates_InvertsPan" computerName="MSI" duration="00:00:00.0003244" startTime="2026-07-04T15:46:19.3346566-06:00" endTime="2026-07-04T15:46:19.3350895-06:00" testType="13cdc9d9-ddb5-4fa4-a97d-d965ccfc6d4b" outcome="Passed" testListId="8c84fa94-04c1-424b-9868-57a2d4851a1d" relativeResultsDirectory="c768cb31-d427-4671-b2be-2de3fc89cba2" />
    <UnitTestResult executionId="be9214a2-03ec-4941-97e0-308d48ba3a95" testId="b4527bef-ce62-177c-7065-9c8931de2d23" testName="AnimationEditor.App.Tests.RulerStepTests.GetRulerStep_At400xZoom_Returns0Point125" computerName="MSI" duration="00:00:00.0028247" startTime="2026-07-04T15:46:22.3709503-06:00" endTime="2026-07-04T15:46:22.3738056-06:00" testType="13cdc9d9-ddb5-4fa4-a97d-d965ccfc6d4b" outcome="Passed" testListId="8c84fa94-04c1-424b-9868-57a2d4851a1d" relativeResultsDirectory="be9214a2-03ec-4941-97e0-308d48ba3a95" />
    <UnitTestResult executionId="cc310331-3636-48d9-8a5f-085c8cc5b4a1" testId="72d028f6-a54e-5bc5-3a96-d7e7bce691b2" testName="AnimationEditor.App.Tests.WireframeHandleDragTests.HandleDrag_Move_Translate8px_PreservesFrameSize" computerName="MSI" duration="00:00:00.0035729" startTime="2026-07-04T15:46:36.7032041-06:00" endTime="2026-07-04T15:46:36.7068219-06:00" testType="13cdc9d9-ddb5-4fa4-a97d-d965ccfc6d4b" outcome="Passed" testListId="8c84fa94-04c1-424b-9868-57a2d4851a1d" relativeResultsDirectory="cc310331-3636-48d9-8a5f-085c8cc5b4a1" />
    <UnitTestResult executionId="730c7079-070f-40c9-938e-aa39d5e648f1" testId="c81f3997-fb21-26fa-e3e9-ada4b3da8f21" testName="AnimationEditor.App.Tests.HeadlessTreeViewTests.AnimTree_VerticalScrollBarVisibility_IsVisible" computerName="MSI" duration="00:00:00.0534506" startTime="2026-07-04T15:46:40.6156174-06:00" endTime="2026-07-04T15:46:40.6691242-06:00" testType="13cdc9d9-ddb5-4fa4-a97d-d965ccfc6d4b" outcome="Passed" testListId="8c84fa94-04c1-424b-9868-57a2d4851a1d" relativeResultsDirectory="730c7079-070f-40c9-938e-aa39d5e648f1" />
    <UnitTestResult executionId="af76cd0f-8075-4e26-bbc8-c3daeada023f" testId="9f590453-aeda-6fae-9b04-ce81cd0177f8" testName="AnimationEditor.App.Tests.MainWindowChromeTests.TitleBar_HasWindowControlButtons" computerName="MSI" duration="00:00:00.1069197" startTime="2026-07-04T15:46:23.9146308-06:00" endTime="2026-07-04T15:46:24.0216083-06:00" testType="13cdc9d9-ddb5-4fa4-a97d-d965ccfc6d4b" outcome="Passed" testListId="8c84fa94-04c1-424b-9868-57a2d4851a1d" relativeResultsDirectory="af76cd0f-8075-4e26-bbc8-c3daeada023f" />
    <UnitTestResult executionId="c1100805-849a-4eec-8dec-6ec58e016c20" testId="d29c04d4-2074-a184-db58-e9b75782d055" testName="AnimationEditor.App.Tests.GuidePanTests.Guide_ToggleOffThenOn_ProducesIdenticalBitmap" computerName="MSI" duration="00:00:00.0012315" startTime="2026-07-04T15:46:29.3377559-06:00" endTime="2026-07-04T15:46:29.3390377-06:00" testType="13cdc9d9-ddb5-4fa4-a97d-d965ccfc6d4b" outcome="Passed" testListId="8c84fa94-04c1-424b-9868-57a2d4851a1d" relativeResultsDirectory="c1100805-849a-4eec-8dec-6ec58e016c20" />
    <UnitTestResult executionId="292364d8-fc83-4179-9b09-0f7ced3c2196" testId="c1e82518-d1c4-fdda-37cf-f8766b91476d" testName="AnimationEditor.App.Tests.WireframeTextureTests.Wireframe_SelectDifferentFrame_LoadsFrameTexture" computerName="MSI" duration="00:00:00.0068656" startTime="2026-07-04T15:46:33.7705095-06:00" endTime="2026-07-04T15:46:33.7774199-06:00" testType="13cdc9d9-ddb5-4fa4-a97d-d965ccfc6d4b" outcome="Passed" testListId="8c84fa94-04c1-424b-9868-57a2d4851a1d" relativeResultsDirectory="292364d8-fc83-4179-9b09-0f7ced3c2196" />
    <UnitTestResult executionId="86c4bb1e-a0f9-4796-9485-73d8328551ab" testId="5255e75a-6291-332b-ab3f-4c15e23d586a" testName="AnimationEditor.App.Tests.WireframeAnimatedZoomTests.StepZoomAnimation_RunToCompletion_LandsExactlyOnTargetAndStops" computerName="MSI" duration="00:00:00.0003688" startTime="2026-07-04T15:46:24.0453505-06:00" endTime="2026-07-04T15:46:24.0457626-06:00" testType="13cdc9d9-ddb5-4fa4-a97d-d965ccfc6d4b" outcome="Passed" testListId="8c84fa94-04c1-424b-9868-57a2d4851a1d" relativeResultsDirectory="86c4bb1e-a0f9-4796-9485-73d8328551ab" />
    <UnitTestResult executionId="12c4da96-9570-4324-89cf-857934dd7c4e" testId="a42c2782-92db-46ea-db02-9fdd68627f4c" testName="AnimationEditor.App.Tests.ThumbnailServiceTests.GetFrameThumbnail_CalledTwiceForSameFrame_ReturnsSameCachedInstance" computerName="MSI" duration="00:00:00.0024572" startTime="2026-07-04T15:46:27.6326782-06:00" endTime="2026-07-04T15:46:27.6351822-06:00" testType="13cdc9d9-ddb5-4fa4-a97d-d965ccfc6d4b" outcome="Passed" testListId="8c84fa94-04c1-424b-9868-57a2d4851a1d" relativeResultsDirectory="12c4da96-9570-4324-89cf-857934dd7c4e" />
    <UnitTestResult executionId="9f387eb8-c55e-4964-b849-3b223cf445af" testId="8ff494fb-4c46-c563-506f-315d57dfd850" testName="AnimationEditor.App.Tests.MainWindowMenuFlowTests.ContextMenu_AddRect_ExpandsFrameNodeAndSelectsShape" computerName="MSI" duration="00:00:00.1404324" startTime="2026-07-04T15:46:36.5613373-06:00" endTime="2026-07-04T15:46:36.7018220-06:00" testType="13cdc9d9-ddb5-4fa4-a97d-d965ccfc6d4b" outcome="Passed" testListId="8c84fa94-04c1-424b-9868-57a2d4851a1d" relativeResultsDirectory="9f387eb8-c55e-4964-b849-3b223cf445af" />
    <UnitTestResult executionId="dda56481-ce26-467c-b85c-9e84142dda30" testId="89041d0f-314d-3325-6433-321a1df8d521" testName="AnimationEditor.App.Tests.AboutDialogTests.BuildAboutWindow_HasCenterOwnerStartupLocation" computerName="MSI" duration="00:00:00.0021863" startTime="2026-07-04T15:46:32.9705616-06:00" endTime="2026-07-04T15:46:32.9727785-06:00" testType="13cdc9d9-ddb5-4fa4-a97d-d965ccfc6d4b" outcome="Passed" testListId="8c84fa94-04c1-424b-9868-57a2d4851a1d" relativeResultsDirectory="dda56481-ce26-467c-b85c-9e84142dda30" />
    <UnitTestResult executionId="41368edf-65d7-461f-83a1-8c04fa66b1e1" testId="b354c612-33ec-fd36-e90a-7c86f6648094" testName="AnimationEditor.App.Tests.AboutDialogTests.BuildAboutWindow_HasCorrectTitle" computerName="MSI" duration="00:00:00.0005453" startTime="2026-07-04T15:46:31.7056026-06:00" endTime="2026-07-04T15:46:31.7061816-06:00" testType="13cdc9d9-ddb5-4fa4-a97d-d965ccfc6d4b" outcome="Passed" testListId="8c84fa94-04c1-424b-9868-57a2d4851a1d" relativeResultsDirectory="41368edf-65d7-461f-83a1-8c04fa66b1e1" />
    <UnitTestResult executionId="8447b750-9e41-4bd2-935b-cf167fc31f50" testId="801991b9-b9ae-146b-df74-4b477ebb056a" testName="AnimationEditor.App.Tests.GuideSnapToPixelTests.VGuide_SnappedWorldX1_RendersAtExpectedScreenPixel" computerName="MSI" duration="00:00:00.0004912" startTime="2026-07-04T15:46:34.8413356-06:00" endTime="2026-07-04T15:46:34.8418618-06:00" testType="13cdc9d9-ddb5-4fa4-a97d-d965ccfc6d4b" outcome="Passed" testListId="8c84fa94-04c1-424b-9868-57a2d4851a1d" relativeResultsDirectory="8447b750-9e41-4bd2-935b-cf167fc31f50" />
    <UnitTestResult executionId="6273e6fe-0384-40bd-95de-3df4a98ad349" testId="3d0eb6f0-ec2d-4381-bdb4-f50397b80304" testName="AnimationEditor.App.Tests.HistoryPanelButtonStateTests.HistoryRedoButton_StillDisabledAfterCommandRecorded" computerName="MSI" duration="00:00:00.1375742" startTime="2026-07-04T15:46:23.2235221-06:00" endTime="2026-07-04T15:46:23.3611694-06:00" testType="13cdc9d9-ddb5-4fa4-a97d-d965ccfc6d4b" outcome="Passed" testListId="8c84fa94-04c1-424b-9868-57a2d4851a1d" relativeResultsDirectory="6273e6fe-0384-40bd-95de-3df4a98ad349" />
    <UnitTestResult executionId="bebd18ad-3699-4993-a09f-e0206c7c885d" testId="b0f5da97-3299-31a3-ee13-e11cca259abc" testName="AnimationEditor.App.Tests.HistoryPanelButtonStateTests.HistoryRedoButton_EnabledAfterUndo" computerName="MSI" duration="00:00:00.1322264" startTime="2026-07-04T15:46:25.2353331-06:00" endTime="2026-07-04T15:46:25.3676218-06:00" testType="13cdc9d9-ddb5-4fa4-a97d-d965ccfc6d4b" outcome="Passed" testListId="8c84fa94-04c1-424b-9868-57a2d4851a1d" relativeResultsDirectory="bebd18ad-3699-4993-a09f-e0206c7c885d" />
    <UnitTestResult executionId="6b6486eb-8e22-4f99-aa75-fae9ad67debd" testId="8a1c9709-0e37-cb5b-fa8e-8d28c52db2d6" testName="AnimationEditor.App.Tests.PreviewShapeDragTests.DragCircle_UpdatesXY" computerName="MSI" duration="00:00:00.0003203" startTime="2026-07-04T15:46:29.0277833-06:00" endTime="2026-07-04T15:46:29.0281414-06:00" testType="13cdc9d9-ddb5-4fa4-a97d-d965ccfc6d4b" outcome="Passed" testListId="8c84fa94-04c1-424b-9868-57a2d4851a1d" relativeResultsDirectory="6b6486eb-8e22-4f99-aa75-fae9ad67debd" />
    <UnitTestResult executionId="454c5193-4633-4aeb-8f19-82c456f19b8d" testId="e85884f4-278e-1bc9-884f-656a0c22414b" testName="AnimationEditor.App.Tests.SelectionModelFallbackTests.CtrlD_FrameSelectedInModelOnly_DuplicatesFrame" computerName="MSI" duration="00:00:00.2135475" startTime="2026-07-04T15:46:29.1218412-06:00" endTime="2026-07-04T15:46:29.3354345-06:00" testType="13cdc9d9-ddb5-4fa4-a97d-d965ccfc6d4b" outcome="Passed" testListId="8c84fa94-04c1-424b-9868-57a2d4851a1d" relativeResultsDirectory="454c5193-4633-4aeb-8f19-82c456f19b8d" />
    <UnitTestResult executionId="af85b62f-0e56-4861-a701-a8ebf09d2f84" testId="2188119c-1104-c831-66ed-f081f76bf748" testName="AnimationEditor.App.Tests.PreviewShapeDragTests.DragCircle_AfterRelease_UndoRestoresPosition" computerName="MSI" duration="00:00:00.0008646" startTime="2026-07-04T15:46:15.8238284-06:00" endTime="2026-07-04T15:46:15.8247407-06:00" testType="13cdc9d9-ddb5-4fa4-a97d-d965ccfc6d4b" outcome="Passed" testListId="8c84fa94-04c1-424b-9868-57a2d4851a1d" relativeResultsDirectory="af85b62f-0e56-4861-a701-a8ebf09d2f84" />
    <UnitTestResult executionId="0c8f9966-f218-4981-886a-95f3c4e76b19" testId="9e3ccac7-e7a6-57de-fe82-9f746caf0932" testName="AnimationEditor.App.Tests.GuidePersistenceAcrossChainSwitchTests.Guide_MultipleChainSwitches_GuideDoesNotDrift" computerName="MSI" duration="00:00:00.0006945" startTime="2026-07-04T15:46:33.2240325-06:00" endTime="2026-07-04T15:46:33.2247655-06:00" testType="13cdc9d9-ddb5-4fa4-a97d-d965ccfc6d4b" outcome="Passed" testListId="8c84fa94-04c1-424b-9868-57a2d4851a1d" relativeResultsDirectory="0c8f9966-f218-4981-886a-95f3c4e76b19" />
    <UnitTestResult executionId="cef7803e-8e9f-4946-bccb-1170289cadc4" testId="c9a14da3-5708-ad60-6785-8d64dd1a3ecb" testName="AnimationEditor.App.Tests.HeadlessTreeViewTests.ContextMenu_Frame_LastFrameOfMultiFrameChain_HidesDownAndBottomItems" computerName="MSI" duration="00:00:00.0743613" startTime="2026-07-04T15:46:31.9744508-06:00" endTime="2026-07-04T15:46:32.0488648-06:00" testType="13cdc9d9-ddb5-4fa4-a97d-d965ccfc6d4b" outcome="Passed" testListId="8c84fa94-04c1-424b-9868-57a2d4851a1d" relativeResultsDirectory="cef7803e-8e9f-4946-bccb-1170289cadc4" />
    <UnitTestResult executionId="ff2cf7be-3033-424e-a747-d4134b494430" testId="5f7c2869-b82d-142b-c9e1-ff960cb02e6b" testName="AnimationEditor.App.Tests.ItemDeletedToastTests.Toast_ShowsCorrectLabel" computerName="MSI" duration="00:00:00.0750273" startTime="2026-07-04T15:46:34.7406826-06:00" endTime="2026-07-04T15:46:34.8157529-06:00" testType="13cdc9d9-ddb5-4fa4-a97d-d965ccfc6d4b" outcome="Passed" testListId="8c84fa94-04c1-424b-9868-57a2d4851a1d" relativeResultsDirectory="ff2cf7be-3033-424e-a747-d4134b494430" />
    <UnitTestResult executionId="6ca4adbf-819f-444a-b819-112365337030" testId="4d010198-0cdc-0d12-5b98-faedc12435fc" testName="AnimationEditor.App.Tests.NewAndLoadResetTests.Load_CollapsesAllChains" computerName="MSI" duration="00:00:00.0765521" startTime="2026-07-04T15:46:36.9968345-06:00" endTime="2026-07-04T15:46:37.0734377-06:00" testType="13cdc9d9-ddb5-4fa4-a97d-d965ccfc6d4b" outcome="Passed" testListId="8c84fa94-04c1-424b-9868-57a2d4851a1d" relativeResultsDirectory="6ca4adbf-819f-444a-b819-112365337030" />
    <UnitTestResult executionId="64dd5856-d5a0-4127-85d2-67255be7feb6" testId="e38f753c-85c9-0db5-41e2-f0aaff348486" testName="AnimationEditor.App.Tests.StatusBarTests.StatusBar_ShowsNotSaved_AfterClear" computerName="MSI" duration="00:00:00.2369486" startTime="2026-07-04T15:46:18.6460715-06:00" endTime="2026-07-04T15:46:18.8831171-06:00" testType="13cdc9d9-ddb5-4fa4-a97d-d965ccfc6d4b" outcome="Passed" testListId="8c84fa94-04c1-424b-9868-57a2d4851a1d" relativeResultsDirectory="64dd5856-d5a0-4127-85d2-67255be7feb6" />
    <UnitTestResult executionId="f65ecc83-7839-4626-a29f-90eb73fc2887" testId="81e138b4-a631-9417-4457-c3f90d9eb027" testName="AnimationEditor.App.Tests.FrameDragReorderHeadlessTests.MoveFrames_MultiSelect_OneUndoRevertsEntireMove" computerName="MSI" duration="00:00:00.2713802" startTime="2026-07-04T15:46:15.1263327-06:00" endTime="2026-07-04T15:46:15.3977825-06:00" testType="13cdc9d9-ddb5-4fa4-a97d-d965ccfc6d4b" outcome="Passed" testListId="8c84fa94-04c1-424b-9868-57a2d4851a1d" relativeResultsDirectory="f65ecc83-7839-4626-a29f-90eb73fc2887" />
    <UnitTestResult executionId="80490577-5932-4237-9718-0c8cd18d25c2" testId="63e3a896-c18b-ab90-3171-2b9fbcc20a05" testName="AnimationEditor.App.Tests.WireframePanZoomTests.WheelZoom_TowardAnyPivot_Repeatedly_TextureStaysReachable(fracX: 0.899999976, fracY: 0.899999976, label: &quot;#319 pivot (90% corner)&quot;)" computerName="MSI" duration="00:00:00.0704704" startTime="2026-07-04T15:46:37.5036621-06:00" endTime="2026-07-04T15:46:37.5741885-06:00" testType="13cdc9d9-ddb5-4fa4-a97d-d965ccfc6d4b" outcome="Passed" testListId="8c84fa94-04c1-424b-9868-57a2d4851a1d" relativeResultsDirectory="80490577-5932-4237-9718-0c8cd18d25c2" />
    <UnitTestResult executionId="207156d4-3209-4812-827f-c63d99feff7d" testId="c8ccd840-f9c6-6c10-3188-a17d96287f86" testName="AnimationEditor.App.Tests.StripeBrushConverterTests.BandBrush_DiffersBetweenLightAndDark" computerName="MSI" duration="00:00:00.0013822" startTime="2026-07-04T15:46:33.6905565-06:00" endTime="2026-07-04T15:46:33.6919845-06:00" testType="13cdc9d9-ddb5-4fa4-a97d-d965ccfc6d4b" outcome="Passed" testListId="8c84fa94-04c1-424b-9868-57a2d4851a1d" relativeResultsDirectory="207156d4-3209-4812-827f-c63d99feff7d" />
    <UnitTestResult executionId="88620177-4cc1-4858-bd33-7c6f1ae3755f" testId="30b30322-f57a-4ba8-18ef-b5ead7aa7612" testName="AnimationEditor.App.Tests.HandleCursorMapperTests.Maps_each_handle_kind_to_the_expected_cursor(kind: TopCenter, expected: SizeNorthSouth)" computerName="MSI" duration="00:00:00.0000148" startTime="2026-07-04T15:46:33.7953544-06:00" endTime="2026-07-04T15:46:33.7953829-06:00" testType="13cdc9d9-ddb5-4fa4-a97d-d965ccfc6d4b" outcome="Passed" testListId="8c84fa94-04c1-424b-9868-57a2d4851a1d" relativeResultsDirectory="88620177-4cc1-4858-bd33-7c6f1ae3755f" />
    <UnitTestResult executionId="e57cde63-d26e-468d-88b0-ef2f37042d24" testId="d0358fb9-5b67-b19e-c940-a601b681e114" testName="AnimationEditor.App.Tests.MainWindowMenuFlowTests.New_ClearsTree" computerName="MSI" duration="00:00:00.0428910" startTime="2026-07-04T15:46:39.0122702-06:00" endTime="2026-07-04T15:46:39.0552049-06:00" testType="13cdc9d9-ddb5-4fa4-a97d-d965ccfc6d4b" outcome="Passed" testListId="8c84fa94-04c1-424b-9868-57a2d4851a1d" relativeResultsDirectory="e57cde63-d26e-468d-88b0-ef2f37042d24" />
    <UnitTestResult executionId="65895195-ae16-48b3-90db-bfcc0a0f4f49" testId="69280386-e794-0eb9-28ac-a56623a87dde" testName="AnimationEditor.App.Tests.WireframeHandleDragTests.HandleDrag_TopLeft_FiresFrameRegionChangedWithCorrectFrame" computerName="MSI" duration="00:00:00.0038384" startTime="2026-07-04T15:46:39.0572824-06:00" endTime="2026-07-04T15:46:39.0611669-06:00" testType="13cdc9d9-ddb5-4fa4-a97d-d965ccfc6d4b" outcome="Passed" testListId="8c84fa94-04c1-424b-9868-57a2d4851a1d" relativeResultsDirectory="65895195-ae16-48b3-90db-bfcc0a0f4f49" />
    <UnitTestResult executionId="d72cc50f-39be-49d0-a62e-41c6e4ca8986" testId="2139e131-daec-b6b2-1912-f30147c8687d" testName="AnimationEditor.App.Tests.RulerStepTests.GetRulerStep_At1xZoom_Returns50" computerName="MSI" duration="00:00:00.0001229" startTime="2026-07-04T15:46:22.3789836-06:00" endTime="2026-07-04T15:46:22.3791244-06:00" testType="13cdc9d9-ddb5-4fa4-a97d-d965ccfc6d4b" outcome="Passed" testListId="8c84fa94-04c1-424b-9868-57a2d4851a1d" relativeResultsDirectory="d72cc50f-39be-49d0-a62e-41c6e4ca8986" />
    <UnitTestResult executionId="07a5e75b-3304-4067-b1d0-86e3976c28b8" testId="78bc1746-87f2-6a5d-33d9-201a4d555171" testName="AnimationEditor.App.Tests.GuideCursorResolverTests.HoverFarFromVGuide_ReturnsNull" computerName="MSI" duration="00:00:00.0001622" startTime="2026-07-04T15:45:57.3755944-06:00" endTime="2026-07-04T15:45:57.3757773-06:00" testType="13cdc9d9-ddb5-4fa4-a97d-d965ccfc6d4b" outcome="Passed" testListId="8c84fa94-04c1-424b-9868-57a2d4851a1d" relativeResultsDirectory="07a5e75b-3304-4067-b1d0-86e3976c28b8" />
    <UnitTestResult executionId="e51a61ef-bfac-4b0c-ae5f-2acca1f008be" testId="0fba33bd-dea2-3999-193e-4025d855a0cf" testName="AnimationEditor.App.Tests.CanvasPaletteTests.For_LightGuideLine_IsDarkerThanDarkGuideLine" computerName="MSI" duration="00:00:00.0002943" startTime="2026-07-04T15:45:57.3731469-06:00" endTime="2026-07-04T15:45:57.3734611-06:00" testType="13cdc9d9-ddb5-4fa4-a97d-d965ccfc6d4b" outcome="Passed" testListId="8c84fa94-04c1-424b-9868-57a2d4851a1d" relativeResultsDirectory="e51a61ef-bfac-4b0c-ae5f-2acca1f008be" />
    <UnitTestResult executionId="5fa3419f-d694-4fbb-9a75-f8440e551369" testId="8670e1ec-1459-79c6-2c3a-e2c7bf45b3bd" testName="AnimationEditor.App.Tests.PreviewCircleSelectionTests.SimulateCanvasClick_DoesNotSelectCircle_WhenClickFarAway" computerName="MSI" duration="00:00:00.0002652" startTime="2026-07-04T15:46:27.4148265-06:00" endTime="2026-07-04T15:46:27.4151223-06:00" testType="13cdc9d9-ddb5-4fa4-a97d-d965ccfc6d4b" outcome="Passed" testListId="8c84fa94-04c1-424b-9868-57a2d4851a1d" relativeResultsDirectory="5fa3419f-d694-4fbb-9a75-f8440e551369" />
    <UnitTestResult executionId="fe95c372-6fce-4a6c-8f46-414573c949a4" testId="769a571a-6710-f907-03bc-916ac93b6f9d" testName="AnimationEditor.App.Tests.UnitTypePropPanelTests.PropNoneLabel_WhenChainSelected_ShowsContextHint" computerName="MSI" duration="00:00:01.1455919" startTime="2026-07-04T15:46:11.6906232-06:00" endTime="2026-07-04T15:46:12.8363154-06:00" testType="13cdc9d9-ddb5-4fa4-a97d-d965ccfc6d4b" outcome="Passed" testListId="8c84fa94-04c1-424b-9868-57a2d4851a1d" relativeResultsDirectory="fe95c372-6fce-4a6c-8f46-414573c949a4" />
    <UnitTestResult executionId="8bceae50-c091-41df-a04d-28bd7feea103" testId="71da418b-a604-1f22-4250-a786baeb7551" testName="AnimationEditor.App.Tests.GuideSnapToPixelTests.HGuide_AtExactPixelScreenY_StoresIntegerUnchanged" computerName="MSI" duration="00:00:00.0002363" startTime="2026-07-04T15:46:33.7821139-06:00" endTime="2026-07-04T15:46:33.7823796-06:00" testType="13cdc9d9-ddb5-4fa4-a97d-d965ccfc6d4b" outcome="Passed" testListId="8c84fa94-04c1-424b-9868-57a2d4851a1d" relativeResultsDirectory="8bceae50-c091-41df-a04d-28bd7feea103" />
    <UnitTestResult executionId="a8a4d131-2420-4d98-a249-2278865c57ee" testId="9069d44f-99ad-b298-ea52-054f3e195562" testName="AnimationEditor.App.Tests.WireframePanZoomTests.SetZoomPercent_SameZoomFromInOrOut_ScrollBarRangesIdentical" computerName="MSI" duration="00:00:00.0630733" startTime="2026-07-04T15:46:39.3638475-06:00" endTime="2026-07-04T15:46:39.4269751-06:00" testType="13cdc9d9-ddb5-4fa4-a97d-d965ccfc6d4b" outcome="Passed" testListId="8c84fa94-04c1-424b-9868-57a2d4851a1d" relativeResultsDirectory="a8a4d131-2420-4d98-a249-2278865c57ee" />
    <UnitTestResult executionId="d51e465f-ab9e-4fb6-9f5d-1876813e0c10" testId="fc2889b4-2f75-9fe4-a437-c915c5dfeac7" testName="AnimationEditor.App.Tests.PreviewShapeDragTests.SimulateShapeDrag_NoFrameSelected_IsNoOp" computerName="MSI" duration="00:00:00.0003365" startTime="2026-07-04T15:46:22.7844636-06:00" endTime="2026-07-04T15:46:22.7848444-06:00" testType="13cdc9d9-ddb5-4fa4-a97d-d965ccfc6d4b" outcome="Passed" testListId="8c84fa94-04c1-424b-9868-57a2d4851a1d" relativeResultsDirectory="d51e465f-ab9e-4fb6-9f5d-1876813e0c10" />
    <UnitTestResult executionId="5fc987ae-1c5a-48b6-83bc-d5dad9a49ff6" testId="e5869f61-2e94-740a-e7ef-c0b731f13cd7" testName="AnimationEditor.App.Tests.WireframeTextureTests.Wireframe_RefreshAll_AfterTextureChange_RendersNewTexture" computerName="MSI" duration="00:00:00.0061783" startTime="2026-07-04T15:46:38.2582296-06:00" endTime="2026-07-04T15:46:38.2644669-06:00" testType="13cdc9d9-ddb5-4fa4-a97d-d965ccfc6d4b" outcome="Passed" testListId="8c84fa94-04c1-424b-9868-57a2d4851a1d" relativeResultsDirectory="5fc987ae-1c5a-48b6-83bc-d5dad9a49ff6" />
    <UnitTestResult executionId="52d845f9-4fe6-4643-96f9-56bde16ee44a" testId="21e830c0-dab5-1531-3bbe-f92f534eaa18" testName="AnimationEditor.App.Tests.WheelZoomPresetTests.StepToNextPreset_ZoomIn_AtMaxPreset_ClampsToMax" computerName="MSI" duration="00:00:00.0002271" startTime="2026-07-04T15:46:19.8693209-06:00" endTime="2026-07-04T15:46:19.8695975-06:00" testType="13cdc9d9-ddb5-4fa4-a97d-d965ccfc6d4b" outcome="Passed" testListId="8c84fa94-04c1-424b-9868-57a2d4851a1d" relativeResultsDirectory="52d845f9-4fe6-4643-96f9-56bde16ee44a" />
    <UnitTestResult executionId="288984c9-5f44-4888-8daa-396506bc5223" testId="099ffaa6-7fbf-50f3-1db8-6ffb42b1fb3e" testName="AnimationEditor.App.Tests.RecentFilesMenuTests.RecentFiles_LimitsToFiveItems_WhenMoreExist" computerName="MSI" duration="00:00:00.0541978" startTime="2026-07-04T15:46:30.9193820-06:00" endTime="2026-07-04T15:46:30.9736334-06:00" testType="13cdc9d9-ddb5-4fa4-a97d-d965ccfc6d4b" outcome="Passed" testListId="8c84fa94-04c1-424b-9868-57a2d4851a1d" relativeResultsDirectory="288984c9-5f44-4888-8daa-396506bc5223" />
    <UnitTestResult executionId="4e250c2b-39cb-498f-b661-2923699d792c" testId="4c033ea1-12e7-e573-bf12-ed89369a58a6" testName="AnimationEditor.App.Tests.GuideCursorResolverTests.ZeroSizedView_ReturnsNull" computerName="MSI" duration="00:00:00.0001314" startTime="2026-07-04T15:45:57.3752483-06:00" endTime="2026-07-04T15:45:57.3754008-06:00" testType="13cdc9d9-ddb5-4fa4-a97d-d965ccfc6d4b" outcome="Passed" testListId="8c84fa94-04c1-424b-9868-57a2d4851a1d" relativeResultsDirectory="4e250c2b-39cb-498f-b661-2923699d792c" />
    <UnitTestResult executionId="1260698f-0849-4270-b274-cb1af0389b17" testId="8071942b-5ff5-1e81-1718-040956c8e05a" testName="AnimationEditor.App.Tests.HistoryPanelButtonStateTests.HistoryList_CurrentEntry_UsesAccentFillWithContrastingText" computerName="MSI" duration="00:00:00.1237884" startTime="2026-07-04T15:46:13.5039984-06:00" endTime="2026-07-04T15:46:13.6278623-06:00" testType="13cdc9d9-ddb5-4fa4-a97d-d965ccfc6d4b" outcome="Passed" testListId="8c84fa94-04c1-424b-9868-57a2d4851a1d" relativeResultsDirectory="1260698f-0849-4270-b274-cb1af0389b17" />
    <UnitTestResult executionId="1c33a436-6ae0-474e-a4c0-512808801d39" testId="c2a95968-5ca1-5e62-815c-035f6634583e" testName="AnimationEditor.App.Tests.GuidePersistenceAcrossChainSwitchTests.Guide_AfterChainSwitch_HorizontalLineRemainsAtSameY" computerName="MSI" duration="00:00:00.0008532" startTime="2026-07-04T15:46:30.8418510-06:00" endTime="2026-07-04T15:46:30.8427407-06:00" testType="13cdc9d9-ddb5-4fa4-a97d-d965ccfc6d4b" outcome="Passed" testListId="8c84fa94-04c1-424b-9868-57a2d4851a1d" relativeResultsDirectory="1c33a436-6ae0-474e-a4c0-512808801d39" />
    <UnitTestResult executionId="179a2169-543e-467a-abdf-9677c542d56b" testId="c61e0983-06c1-c7a2-0147-a0c7753302fc" testName="AnimationEditor.App.Tests.HeadlessTreeViewTests.ContextMenu_NoSelection_ContainsAddAnimationChain" computerName="MSI" duration="00:00:00.0553111" startTime="2026-07-04T15:46:36.9397287-06:00" endTime="2026-07-04T15:46:36.9950928-06:00" testType="13cdc9d9-ddb5-4fa4-a97d-d965ccfc6d4b" outcome="Passed" testListId="8c84fa94-04c1-424b-9868-57a2d4851a1d" relativeResultsDirectory="179a2169-543e-467a-abdf-9677c542d56b" />
    <UnitTestResult executionId="e27f4c48-4b15-4b03-91fe-b2c500180868" testId="4c63a659-a318-6e0c-e5b4-765ebebf114f" testName="AnimationEditor.App.Tests.PreviewCenterOnEntityPointTests.CenterOnEntityPoint_PositiveEntityY_PositivesPanY" computerName="MSI" duration="00:00:00.0145819" startTime="2026-07-04T15:46:11.6693164-06:00" endTime="2026-07-04T15:46:11.6841825-06:00" testType="13cdc9d9-ddb5-4fa4-a97d-d965ccfc6d4b" outcome="Passed" testListId="8c84fa94-04c1-424b-9868-57a2d4851a1d" relativeResultsDirectory="e27f4c48-4b15-4b03-91fe-b2c500180868" />
    <UnitTestResult executionId="6d2edbf4-470f-47ad-aeb6-e4355a30cfe5" testId="aa6e14d1-9b8d-b1c6-1ea3-9d26d0466fd6" testName="AnimationEditor.App.Tests.HeadlessTreeViewTests.ContextMenu_Frame_FirstFrameOfMultiFrameChain_HidesUpAndTopItems" computerName="MSI" duration="00:00:00.1013265" startTime="2026-07-04T15:46:27.3061067-06:00" endTime="2026-07-04T15:46:27.4074773-06:00" testType="13cdc9d9-ddb5-4fa4-a97d-d965ccfc6d4b" outcome="Passed" testListId="8c84fa94-04c1-424b-9868-57a2d4851a1d" relativeResultsDirectory="6d2edbf4-470f-47ad-aeb6-e4355a30cfe5" />
    <UnitTestResult executionId="b00b9db1-03fd-4b4a-a558-e2f74eacacc1" testId="bd727c2d-b64a-b8d9-e36b-bb871933bb9a" testName="AnimationEditor.App.Tests.PreviewAnimatedZoomTests.StepZoomAnimation_RunToCompletion_LandsExactlyOnTargetAndStops" computerName="MSI" duration="00:00:00.0002351" startTime="2026-07-04T15:46:21.5669256-06:00" endTime="2026-07-04T15:46:21.5671883-06:00" testType="13cdc9d9-ddb5-4fa4-a97d-d965ccfc6d4b" outcome="Passed" testListId="8c84fa94-04c1-424b-9868-57a2d4851a1d" relativeResultsDirectory="b00b9db1-03fd-4b4a-a558-e2f74eacacc1" />
    <UnitTestResult executionId="38acc90e-a0a3-4176-b9e9-81a0b1e1cf93" testId="2c34c7f6-7b7f-672a-2718-0c75530f10ba" testName="AnimationEditor.App.Tests.ThumbnailServiceTests.GetFrameThumbnail_SameEffectiveColor_ReturnsSameCachedInstance" computerName="MSI" duration="00:00:00.0052549" startTime="2026-07-04T15:46:30.4053128-06:00" endTime="2026-07-04T15:46:30.4106148-06:00" testType="13cdc9d9-ddb5-4fa4-a97d-d965ccfc6d4b" outcome="Passed" testListId="8c84fa94-04c1-424b-9868-57a2d4851a1d" relativeResultsDirectory="38acc90e-a0a3-4176-b9e9-81a0b1e1cf93" />
    <UnitTestResult executionId="b498da4e-6de1-4cdf-8037-088bd9a22077" testId="324a30ed-e9fc-f5c4-4879-e68a6a913d7b" testName="AnimationEditor.App.Tests.GridRenderTests.HoverPreview_GridEnabled_NeverShowsPreview" computerName="MSI" duration="00:00:00.0050517" startTime="2026-07-04T15:46:33.1359514-06:00" endTime="2026-07-04T15:46:33.1410408-06:00" testType="13cdc9d9-ddb5-4fa4-a97d-d965ccfc6d4b" outcome="Passed" testListId="8c84fa94-04c1-424b-9868-57a2d4851a1d" relativeResultsDirectory="b498da4e-6de1-4cdf-8037-088bd9a22077" />
    <UnitTestResult executionId="11917157-91f6-4b98-97d7-2d85eb7e8603" testId="19d63f02-4dd9-0199-a7b1-ca2de74a857d" testName="AnimationEditor.App.Tests.AboutDialogTests.BuildAboutContent_ContainsGitHubLinkButton" computerName="MSI" duration="00:00:00.0011744" startTime="2026-07-04T15:46:27.2928486-06:00" endTime="2026-07-04T15:46:27.2940535-06:00" testType="13cdc9d9-ddb5-4fa4-a97d-d965ccfc6d4b" outcome="Passed" testListId="8c84fa94-04c1-424b-9868-57a2d4851a1d" relativeResultsDirectory="11917157-91f6-4b98-97d7-2d85eb7e8603" />
    <UnitTestResult executionId="8da41d4a-d8c1-4aca-8929-4a4ebf243f50" testId="65a9f4df-71df-882b-ad86-d1347eba50a0" testName="AnimationEditor.App.Tests.HotReloadTimelineTests.OnPngChangedOnDisk_TimelineNotEmpty_WhenChainHasFrames" computerName="MSI" duration="00:00:00.1048698" startTime="2026-07-04T15:46:35.5227986-06:00" endTime="2026-07-04T15:46:35.6277319-06:00" testType="13cdc9d9-ddb5-4fa4-a97d-d965ccfc6d4b" outcome="Passed" testListId="8c84fa94-04c1-424b-9868-57a2d4851a1d" relativeResultsDirectory="8da41d4a-d8c1-4aca-8929-4a4ebf243f50" />
    <UnitTestResult executionId="9cf32700-47b1-4426-9447-619dde2f5553" testId="cf54d32f-bfde-230f-d465-711be1caf78f" testName="AnimationEditor.App.Tests.HeadlessTreeViewTests.SelectCircle_TreeViewHighlightsCircleNode_NotFrameNode" computerName="MSI" duration="00:00:00.1812849" startTime="2026-07-04T15:46:33.7934324-06:00" endTime="2026-07-04T15:46:33.9747664-06:00" testType="13cdc9d9-ddb5-4fa4-a97d-d965ccfc6d4b" outcome="Passed" testListId="8c84fa94-04c1-424b-9868-57a2d4851a1d" relativeResultsDirectory="9cf32700-47b1-4426-9447-619dde2f5553" />
    <UnitTestResult executionId="b63578f0-b581-425b-a81b-4a80189c6512" testId="0d4bd7ff-fb83-0e96-4d29-60dc92b5164f" testName="AnimationEditor.App.Tests.WireframeHandleDragTests.HandleDrag_TopLeft_MovedInward8px_UpdatesLeftAndTopUV" computerName="MSI" duration="00:00:00.0039509" startTime="2026-07-04T15:46:38.5313224-06:00" endTime="2026-07-04T15:46:38.5353197-06:00" testType="13cdc9d9-ddb5-4fa4-a97d-d965ccfc6d4b" outcome="Passed" testListId="8c84fa94-04c1-424b-9868-57a2d4851a1d" relativeResultsDirectory="b63578f0-b581-425b-a81b-4a80189c6512" />
    <UnitTestResult executionId="6f33c939-6852-46de-b26a-48f33ed0d46f" testId="20ed792e-51ba-7f8e-9db2-907b98d4051f" testName="AnimationEditor.App.Tests.VisualRenderTests.WireframeGetFrameRects_CountMatchesChainFrameCount" computerName="MSI" duration="00:00:00.0037381" startTime="2026-07-04T15:46:41.4056749-06:00" endTime="2026-07-04T15:46:41.4094525-06:00" testType="13cdc9d9-ddb5-4fa4-a97d-d965ccfc6d4b" outcome="Passed" testListId="8c84fa94-04c1-424b-9868-57a2d4851a1d" relativeResultsDirectory="6f33c939-6852-46de-b26a-48f33ed0d46f" />
    <UnitTestResult executionId="a1295082-456b-45f1-b368-5c9b79166747" testId="d105bbb0-43a7-6a8e-be11-be5ec5b3141b" testName="AnimationEditor.App.Tests.WindowsFileAssociationTests.BuildOpenCommand_QuotesExeAndArgPlaceholder" computerName="MSI" duration="00:00:00.0001761" startTime="2026-07-04T15:46:33.2527095-06:00" endTime="2026-07-04T15:46:33.2529056-06:00" testType="13cdc9d9-ddb5-4fa4-a97d-d965ccfc6d4b" outcome="Passed" testListId="8c84fa94-04c1-424b-9868-57a2d4851a1d" relativeResultsDirectory="a1295082-456b-45f1-b368-5c9b79166747" />
    <UnitTestResult executionId="dcf804f5-f153-43a4-b0bc-27a49c334b48" testId="fe8148ee-84c1-3352-7ae2-e8050add4a87" testName="AnimationEditor.App.Tests.FramePreviewOpacityTests.Resolve_NullAlpha_FullyOpaqueAtFullLayer" computerName="MSI" duration="00:00:00.0001258" startTime="2026-07-04T15:46:32.9744903-06:00" endTime="2026-07-04T15:46:32.9746350-06:00" testType="13cdc9d9-ddb5-4fa4-a97d-d965ccfc6d4b" outcome="Passed" testListId="8c84fa94-04c1-424b-9868-57a2d4851a1d" relativeResultsDirectory="dcf804f5-f153-43a4-b0bc-27a49c334b48" />
[...]
    <TestEntry testId="77cff82e-e1d7-8e0e-5553-00a9570e5826" executionId="dde2f330-5331-45db-af12-521731195f7d" testListId="8c84fa94-04c1-424b-9868-57a2d4851a1d" />
    <TestEntry testId="3a7e9775-147c-fb06-6a3c-3017f157c41d" executionId="4c804bbf-b950-49d9-b939-ae3ad48d221c" testListId="8c84fa94-04c1-424b-9868-57a2d4851a1d" />
    <TestEntry testId="d01bf2cd-b9c8-ca3c-6fd6-7facaf951a5d" executionId="ea73f6b4-eb81-46a1-982d-360312258453" testListId="8c84fa94-04c1-424b-9868-57a2d4851a1d" />
    <TestEntry testId="bf185407-5ce7-79fc-fa91-20371b84e1b4" executionId="70d81d45-1cdb-442d-96e8-7ddfe730108b" testListId="8c84fa94-04c1-424b-9868-57a2d4851a1d" />
    <TestEntry testId="ed836771-8bd5-726e-51d0-cd91157b3592" executionId="5be51d7d-41da-460d-a967-92deeb57e252" testListId="8c84fa94-04c1-424b-9868-57a2d4851a1d" />
    <TestEntry testId="9dfb1c39-2780-51d6-23dd-de2205d5db93" executionId="9d4ffc95-e725-4427-8a5f-71a0135f2301" testListId="8c84fa94-04c1-424b-9868-57a2d4851a1d" />
    <TestEntry testId="ec0b8d7a-41a3-bc35-743b-45ddabcd0610" executionId="a325d73f-9d7d-4c70-951a-fa62fa6b7422" testListId="8c84fa94-04c1-424b-9868-57a2d4851a1d" />
    <TestEntry testId="059a2a91-ec53-3b45-3400-d6e8952a50eb" executionId="9f82a42f-6107-4b71-9647-46c3ad193f09" testListId="8c84fa94-04c1-424b-9868-57a2d4851a1d" />
    <TestEntry testId="76d3dee6-5f46-259b-9577-7725de9cd2e0" executionId="ad6bdda4-9efe-439e-aff9-0cddab7bc0a2" testListId="8c84fa94-04c1-424b-9868-57a2d4851a1d" />
    <TestEntry testId="6659f32e-f2a7-e7ad-db70-9b7ebf5429ee" executionId="299f730e-70d3-4dda-b2ec-c86399a84b3b" testListId="8c84fa94-04c1-424b-9868-57a2d4851a1d" />
    <TestEntry testId="695306f2-5afe-38d5-8536-cff87d833e97" executionId="a7543dbd-c475-424e-845b-f8ddc6944b5a" testListId="8c84fa94-04c1-424b-9868-57a2d4851a1d" />
    <TestEntry testId="71cec201-46f4-4128-1948-061d275d1003" executionId="af6e5843-c8c1-4aba-a6b1-14968db15693" testListId="8c84fa94-04c1-424b-9868-57a2d4851a1d" />
    <TestEntry testId="818c35a4-4a51-2843-ecda-792402d88231" executionId="b84393b0-fba7-4813-aed5-a80fb9605f14" testListId="8c84fa94-04c1-424b-9868-57a2d4851a1d" />
    <TestEntry testId="ff2fc7aa-73ca-67cd-59fa-a6eb6c53e2f6" executionId="073cbf42-90d1-4a05-9f4e-c606e7bddd82" testListId="8c84fa94-04c1-424b-9868-57a2d4851a1d" />
    <TestEntry testId="06e72b2e-c232-daa1-c8af-1a9b3f05328c" executionId="a6ecddd6-c329-46ba-8e95-271b2dd1eb33" testListId="8c84fa94-04c1-424b-9868-57a2d4851a1d" />
    <TestEntry testId="ba3bd5b6-bee5-170a-bb8b-d74460816dfe" executionId="c2d893d8-e3f9-42a7-af0e-421573a7a077" testListId="8c84fa94-04c1-424b-9868-57a2d4851a1d" />
    <TestEntry testId="c1bb0bbb-4245-af5d-17f1-8f6fd3e7a6c4" executionId="ba84617b-af61-42df-ba57-b624e99c12de" testListId="8c84fa94-04c1-424b-9868-57a2d4851a1d" />
    <TestEntry testId="a94d9f65-a616-e561-0260-8ebbdb14870a" executionId="b2cb69c5-62aa-4cc2-aecf-53cf0a5c44f1" testListId="8c84fa94-04c1-424b-9868-57a2d4851a1d" />
    <TestEntry testId="2e6031ce-9162-48bd-ec81-c79efcd0f7a5" executionId="590feb9f-a20f-4cdc-b76d-207e4060947a" testListId="8c84fa94-04c1-424b-9868-57a2d4851a1d" />
    <TestEntry testId="36263aa8-4ff6-7a9f-ca37-5f5f8b0dbf74" executionId="64a64686-870b-49c5-9ffa-cc80c5cab555" testListId="8c84fa94-04c1-424b-9868-57a2d4851a1d" />
    <TestEntry testId="39ffa843-07ab-a056-79fc-c0c29dab0ff4" executionId="5e3e0846-43ea-4802-9fc5-4bdbeb36cd73" testListId="8c84fa94-04c1-424b-9868-57a2d4851a1d" />
    <TestEntry testId="fb9663fb-6c5f-90f6-eedf-a1fd6e5f1322" executionId="a2cb82fc-f668-4b28-961c-1ad53f50fa36" testListId="8c84fa94-04c1-424b-9868-57a2d4851a1d" />
    <TestEntry testId="bc5cd318-fd32-e9c1-b05a-1e4da9cfbd63" executionId="56f13b57-8669-47a7-bd4c-3b8efeefdea2" testListId="8c84fa94-04c1-424b-9868-57a2d4851a1d" />
    <TestEntry testId="8f1732b7-f843-3441-e393-628608d2ce94" executionId="647ef100-0add-40fa-8526-7e0e5ff6cfc0" testListId="8c84fa94-04c1-424b-9868-57a2d4851a1d" />
    <TestEntry testId="2beba8d7-0005-a44c-511c-e3e31a88a391" executionId="062616b6-a43a-4904-8c40-2dd7bbb4578e" testListId="8c84fa94-04c1-424b-9868-57a2d4851a1d" />
    <TestEntry testId="0f83e293-690f-0678-050f-943a3799a463" executionId="57f4ef01-2988-4a3a-8490-5b61929fbf50" testListId="8c84fa94-04c1-424b-9868-57a2d4851a1d" />
    <TestEntry testId="053dc596-a680-7a5f-3933-78590e2b8fff" executionId="2df6eeb7-c320-47fa-bb63-cff9eb6ce7de" testListId="8c84fa94-04c1-424b-9868-57a2d4851a1d" />
    <TestEntry testId="2a439715-b3fd-3e0d-d2c1-c0e86e57ef69" executionId="1b0449ac-af32-4385-9eda-a72e5e6e82f9" testListId="8c84fa94-04c1-424b-9868-57a2d4851a1d" />
    <TestEntry testId="8f80ff2f-9a93-1e78-5742-b69c6956f784" executionId="1f6056b6-c0e2-42e0-9b10-b135e350bd21" testListId="8c84fa94-04c1-424b-9868-57a2d4851a1d" />
    <TestEntry testId="18c6bdf3-4558-841c-4c4c-fb927fd2ec3c" executionId="cd4eb460-f7c0-41c9-a9db-644f7075fcb2" testListId="8c84fa94-04c1-424b-9868-57a2d4851a1d" />
    <TestEntry testId="bd4a89f1-d883-4c15-ae5e-66ee3af3113c" executionId="9aac17f5-0b67-4420-ba48-ae5badf88e30" testListId="8c84fa94-04c1-424b-9868-57a2d4851a1d" />
    <TestEntry testId="371b8e37-b6dc-8812-8e5d-02cfa988d2e2" executionId="ac39cf04-af02-4fbf-bc1d-c4f3940402ae" testListId="8c84fa94-04c1-424b-9868-57a2d4851a1d" />
    <TestEntry testId="a6618337-d432-b321-dd37-5cca9e002116" executionId="49989f3e-dc56-4460-bab7-47f2dfaa105c" testListId="8c84fa94-04c1-424b-9868-57a2d4851a1d" />
    <TestEntry testId="94edc5a9-4165-e12c-6fbe-505e066468d8" executionId="1cc823bb-8468-4eae-a324-38d7771747a4" testListId="8c84fa94-04c1-424b-9868-57a2d4851a1d" />
    <TestEntry testId="0e4f4e78-9a46-35c5-1c96-6e3186967a08" executionId="f99901b0-87b1-4f7c-9a62-c4ac2d26afb8" testListId="8c84fa94-04c1-424b-9868-57a2d4851a1d" />
    <TestEntry testId="f1bb9a85-7f1b-9b4a-f9b8-512b0017c9bc" executionId="21d1d6b8-5695-4397-ac51-f263c71ce6e9" testListId="8c84fa94-04c1-424b-9868-57a2d4851a1d" />
    <TestEntry testId="ffd2f4cd-5e52-c02c-6160-131c694a77fe" executionId="81584719-ecd3-499d-9b25-273523c78ca2" testListId="8c84fa94-04c1-424b-9868-57a2d4851a1d" />
    <TestEntry testId="52b10c05-8ab7-a5da-8835-037f0ab92508" executionId="7153eb48-73a5-426a-bce2-480959a37d41" testListId="8c84fa94-04c1-424b-9868-57a2d4851a1d" />
    <TestEntry testId="27cd78e3-8c0e-e35b-2553-982768c8331a" executionId="2529f5eb-0abc-44a2-9cd9-798e2e910dec" testListId="8c84fa94-04c1-424b-9868-57a2d4851a1d" />
    <TestEntry testId="5906960b-9848-0a94-244e-78f7fec6673e" executionId="9134bb87-0745-4c6f-8edd-12cc05ba9527" testListId="8c84fa94-04c1-424b-9868-57a2d4851a1d" />
    <TestEntry testId="1a09173d-2713-3819-09ff-6764af32be27" executionId="cf44f173-2dd2-41d0-8829-8a2a56cd2518" testListId="8c84fa94-04c1-424b-9868-57a2d4851a1d" />
    <TestEntry testId="5b97daf6-051e-ce20-9deb-979f6d155240" executionId="8973de58-e95f-40bc-a1ab-d655e2a2a097" testListId="8c84fa94-04c1-424b-9868-57a2d4851a1d" />
    <TestEntry testId="1b81aacc-6570-6666-e8b0-f069626be521" executionId="84070764-d306-4355-b704-aefdfffacac9" testListId="8c84fa94-04c1-424b-9868-57a2d4851a1d" />
    <TestEntry testId="7277c584-362e-f66a-b871-a665c64c3373" executionId="6d560142-8f58-4b3c-81e3-09a5b8095ff2" testListId="8c84fa94-04c1-424b-9868-57a2d4851a1d" />
    <TestEntry testId="f0c0a4ea-21a2-c6cd-2260-f04af1a228f6" executionId="5f26ef97-12d7-4f4d-a081-1d8e36c06bb7" testListId="8c84fa94-04c1-424b-9868-57a2d4851a1d" />
    <TestEntry testId="0937fd4f-6684-c60c-5ca9-ed91360ca62f" executionId="311c81b4-7d85-4ea3-b015-75359c80f3f8" testListId="8c84fa94-04c1-424b-9868-57a2d4851a1d" />
    <TestEntry testId="af8cf074-8471-6697-72c8-9b7a8ee309c6" executionId="1a5bbda8-5a2f-4919-bed5-fbc54c8c15cb" testListId="8c84fa94-04c1-424b-9868-57a2d4851a1d" />
    <TestEntry testId="8b311ac2-1655-fd11-c829-496ea2b05812" executionId="e65d9fcb-4661-4ecf-8568-025769d86ae8" testListId="8c84fa94-04c1-424b-9868-57a2d4851a1d" />
    <TestEntry testId="d2293db0-7d28-92a0-819d-00d8587d1590" executionId="71864b37-f021-40f9-b59e-7e0f23ab48a8" testListId="8c84fa94-04c1-424b-9868-57a2d4851a1d" />
    <TestEntry testId="fd190e8e-55a6-7df2-e040-0f736222cd64" executionId="28c6ff27-0a7f-4ef8-819c-c34c255c1666" testListId="8c84fa94-04c1-424b-9868-57a2d4851a1d" />
    <TestEntry testId="15224e1b-f316-db7a-1fff-8683173339a1" executionId="2e03e667-d8a4-45de-a126-de951b95e892" testListId="8c84fa94-04c1-424b-9868-57a2d4851a1d" />
    <TestEntry testId="789c2419-fa00-e533-62bf-4494cfd0a98b" executionId="e87f9119-bdec-4b2f-9c24-df337a9f282f" testListId="8c84fa94-04c1-424b-9868-57a2d4851a1d" />
    <TestEntry testId="0d874080-50a6-d25d-7a6d-1c92ba245bbb" executionId="7eb1a243-8baa-42ec-8864-633da8d4f04d" testListId="8c84fa94-04c1-424b-9868-57a2d4851a1d" />
    <TestEntry testId="0f28c2dd-83cc-b152-07b7-274100f88817" executionId="5351c4de-d276-4ff3-93ea-138a9eec2318" testListId="8c84fa94-04c1-424b-9868-57a2d4851a1d" />
    <TestEntry testId="f8b6f0c5-4349-bb2e-b4c2-dea0dc3ff6a7" executionId="b68dbcad-09f9-4fd0-b32c-c368240f4d6d" testListId="8c84fa94-04c1-424b-9868-57a2d4851a1d" />
    <TestEntry testId="29477c83-fbc1-f530-6954-bd2193e5958f" executionId="55d9803d-17b5-4211-b2eb-f7c3a21b77bb" testListId="8c84fa94-04c1-424b-9868-57a2d4851a1d" />
    <TestEntry testId="f49a92fb-51c1-7075-369b-b22a0ac71a23" executionId="d4fd663b-9dd1-4a2a-b2c2-dddc9164185a" testListId="8c84fa94-04c1-424b-9868-57a2d4851a1d" />
    <TestEntry testId="a803ee3f-60ac-c236-1ac6-619d7432d62b" executionId="ee7390d3-0eba-4540-86ac-8d5768bd6e56" testListId="8c84fa94-04c1-424b-9868-57a2d4851a1d" />
    <TestEntry testId="361f5662-ff54-3724-0cce-3cc8cfec22de" executionId="a2be3044-c53c-4698-856b-bb06e392b128" testListId="8c84fa94-04c1-424b-9868-57a2d4851a1d" />
    <TestEntry testId="457925a3-eb20-2144-6418-528ae7fcecca" executionId="a45d6ea4-5af0-4c18-9804-3121cf882ec9" testListId="8c84fa94-04c1-424b-9868-57a2d4851a1d" />
    <TestEntry testId="d91f7a63-fe67-963d-2eb7-9c60f4dccf2e" executionId="41956b6c-4aba-4fec-967b-4ed5d1f825e4" testListId="8c84fa94-04c1-424b-9868-57a2d4851a1d" />
    <TestEntry testId="6ae88617-eb8c-71ed-0210-f058f77cdb8a" executionId="24dfc00c-1fc0-4e58-90ea-3de0c73b77d4" testListId="8c84fa94-04c1-424b-9868-57a2d4851a1d" />
    <TestEntry testId="709557c0-96e5-821f-5ea9-90f326f4bae4" executionId="6878fd0e-9e5d-41b5-8d3f-13a6ed78fdf0" testListId="8c84fa94-04c1-424b-9868-57a2d4851a1d" />
    <TestEntry testId="f68cba9f-48c0-00d1-475b-7f17aeab3809" executionId="ca2f3624-2523-4315-a0bd-3bbbafb4d74f" testListId="8c84fa94-04c1-424b-9868-57a2d4851a1d" />
    <TestEntry testId="4e257fff-e09c-3bf4-acce-747336dffd44" executionId="b357a95c-a85d-4e3c-a7d1-9902f1bbd12d" testListId="8c84fa94-04c1-424b-9868-57a2d4851a1d" />
    <TestEntry testId="3d69dd79-e5ad-ab36-795e-580035e60120" executionId="fef7907c-0525-43ab-843a-5bb5f79746e5" testListId="8c84fa94-04c1-424b-9868-57a2d4851a1d" />
    <TestEntry testId="31502f8f-63c7-f1a7-b77e-e20263900194" executionId="bc116cbd-cb95-491c-93f1-f3a1ff6446aa" testListId="8c84fa94-04c1-424b-9868-57a2d4851a1d" />
    <TestEntry testId="f4ff5a72-6bee-362a-41ba-e450d6c1c357" executionId="1da04803-df7b-41d9-a1f6-ab524cfeb7fa" testListId="8c84fa94-04c1-424b-9868-57a2d4851a1d" />
    <TestEntry testId="b2ec9db1-f1b3-e6dc-7597-cf354905ac31" executionId="0889492c-ac8c-4472-a1dd-61345c3cd4a8" testListId="8c84fa94-04c1-424b-9868-57a2d4851a1d" />
    <TestEntry testId="63de428e-794a-5443-bb7a-654e61b7626e" executionId="22258997-7293-42b5-86ed-55fd829b5546" testListId="8c84fa94-04c1-424b-9868-57a2d4851a1d" />
    <TestEntry testId="cf9c1c98-dc73-07da-fcf2-ae49db5ce974" executionId="2a98fc6c-02c3-43a3-ae68-6821ae7afaab" testListId="8c84fa94-04c1-424b-9868-57a2d4851a1d" />
    <TestEntry testId="8f0eca2c-809c-8e95-7e29-f8493f739046" executionId="5000a59b-5ace-4546-9f90-031428e2f07d" testListId="8c84fa94-04c1-424b-9868-57a2d4851a1d" />
    <TestEntry testId="1c03eccd-bc14-eb24-1ad2-8fd379a93ace" executionId="c81dc2a9-7ffb-4e7d-bb89-617208d9185f" testListId="8c84fa94-04c1-424b-9868-57a2d4851a1d" />
    <TestEntry testId="85a33bad-a8f9-c3e7-3fb8-0e51788f8a93" executionId="1b5bbf5f-77b6-44fa-9a90-1b67cfa7a593" testListId="8c84fa94-04c1-424b-9868-57a2d4851a1d" />
    <TestEntry testId="1623cb3d-7c56-7059-8061-e446266ef9c2" executionId="b93037e1-aecc-439e-af8a-6e4d493376ee" testListId="8c84fa94-04c1-424b-9868-57a2d4851a1d" />
    <TestEntry testId="7de41c96-5781-d9fa-6975-17a539d4ef30" executionId="5839cfe9-a74a-4e6a-b62f-4533e7b01f57" testListId="8c84fa94-04c1-424b-9868-57a2d4851a1d" />
    <TestEntry testId="a17320c1-deab-105a-a66b-883bfc89828b" executionId="9bd936ce-f3c6-4bb2-8dbd-8d73cb90273e" testListId="8c84fa94-04c1-424b-9868-57a2d4851a1d" />
    <TestEntry testId="9ee4f97f-6a53-58fd-63f1-588e44fc8b14" executionId="06068d28-23fa-4eb4-b872-e6b95eaa0f35" testListId="8c84fa94-04c1-424b-9868-57a2d4851a1d" />
    <TestEntry testId="60920e9a-1b07-282a-0a9a-03526c1eb865" executionId="e4b6f3bc-6ce2-4196-ae5d-f2cafb0bf964" testListId="8c84fa94-04c1-424b-9868-57a2d4851a1d" />
    <TestEntry testId="3953e0be-3b53-8c87-597b-b82829241807" executionId="71ea8bca-2dc7-410d-9346-704be8db03ab" testListId="8c84fa94-04c1-424b-9868-57a2d4851a1d" />
    <TestEntry testId="c806c4d5-b451-fd37-ccf5-0b5ea1e0d614" executionId="ff131f3d-2d80-48f2-9500-b5622b8ff7dd" testListId="8c84fa94-04c1-424b-9868-57a2d4851a1d" />
    <TestEntry testId="1912e7bc-0377-c722-213d-fa6e50d53d48" executionId="cc402ae2-b600-41cb-8103-4402cff80c4d" testListId="8c84fa94-04c1-424b-9868-57a2d4851a1d" />
    <TestEntry testId="975afb6b-f996-5816-ba1c-a36187acd221" executionId="54534f5d-8da5-4a07-a6db-54e32d130d05" testListId="8c84fa94-04c1-424b-9868-57a2d4851a1d" />
    <TestEntry testId="7f048a8f-ad91-0a00-1dca-eee46e4a2633" executionId="6ba0a11e-ae4b-4181-88d4-3f07264b12fc" testListId="8c84fa94-04c1-424b-9868-57a2d4851a1d" />
    <TestEntry testId="7abdcfdc-3086-70f2-6ca2-1e8eb715b066" executionId="bf187d13-6183-4850-92da-49abfca27da1" testListId="8c84fa94-04c1-424b-9868-57a2d4851a1d" />
    <TestEntry testId="fab42483-08dc-00b2-9ae4-da04345677a0" executionId="7b1588c3-c2de-47a6-aaf1-f9bf4e8870aa" testListId="8c84fa94-04c1-424b-9868-57a2d4851a1d" />
    <TestEntry testId="ca0a867a-8c96-1a0f-a27f-d52acb8f0573" executionId="c90ab302-cbfe-4d70-8d4e-9405daf6cd99" testListId="8c84fa94-04c1-424b-9868-57a2d4851a1d" />
    <TestEntry testId="debb589c-8a42-2999-4168-deb80037939b" executionId="c50ba20f-9822-4e89-a915-df3fd9c0f501" testListId="8c84fa94-04c1-424b-9868-57a2d4851a1d" />
    <TestEntry testId="4b70aeb0-595a-eede-472a-5e2437788066" executionId="c1914b2a-e6e1-42d4-8f23-a15d656dd3d7" testListId="8c84fa94-04c1-424b-9868-57a2d4851a1d" />
    <TestEntry testId="07251d5d-31a5-c092-e8d5-f49700072a9d" executionId="f9cf44be-92f7-4d22-a52d-1aac125797cd" testListId="8c84fa94-04c1-424b-9868-57a2d4851a1d" />
    <TestEntry testId="1f2d18d6-1754-ca79-f06a-7c6a998de887" executionId="069d8233-fb77-4199-808f-604f31d2c268" testListId="8c84fa94-04c1-424b-9868-57a2d4851a1d" />
    <TestEntry testId="d1eb37b1-b979-83e6-78b4-3ee73384a258" executionId="6541f455-6aea-48f9-8668-da52dcdd2ba8" testListId="8c84fa94-04c1-424b-9868-57a2d4851a1d" />
    <TestEntry testId="4f48d2e2-a923-69b5-4792-eba8023f34f8" executionId="6920f7b6-4363-4535-ba94-fe8773123944" testListId="8c84fa94-04c1-424b-9868-57a2d4851a1d" />
    <TestEntry testId="341ebc10-f1bb-7f6e-dfca-248b71a71c86" executionId="be9ddd0e-9eca-48d3-9f93-13851f79891f" testListId="8c84fa94-04c1-424b-9868-57a2d4851a1d" />
    <TestEntry testId="0c554565-0f3e-d4ed-9c4d-5537e70eab8f" executionId="e96677c6-c887-4378-9ea4-1a364c8e41c4" testListId="8c84fa94-04c1-424b-9868-57a2d4851a1d" />
    <TestEntry testId="5232555b-2c68-65c5-2758-06afc7fb4839" executionId="390e6182-816f-4fe2-b173-7b8d23f36f8f" testListId="8c84fa94-04c1-424b-9868-57a2d4851a1d" />
    <TestEntry testId="2dc95d0b-5e59-bca7-0d24-3b49be7afdd9" executionId="3eecc30f-fb3d-411d-a0db-cd6c7909052a" testListId="8c84fa94-04c1-424b-9868-57a2d4851a1d" />
    <TestEntry testId="3872084f-dbdc-d3ee-3d2d-9db38750ecf2" executionId="1916653c-ea96-4791-80c7-faae708e89b5" testListId="8c84fa94-04c1-424b-9868-57a2d4851a1d" />
    <TestEntry testId="733f11e2-a362-0b48-e0dd-6070c8bdaafd" executionId="346e7238-0d41-432b-b664-5db3ad95115b" testListId="8c84fa94-04c1-424b-9868-57a2d4851a1d" />
    <TestEntry testId="5aed7918-4da1-27c2-5787-1ba1a60fa183" executionId="ef094502-37f0-4e5a-ae64-011902dc0a8c" testListId="8c84fa94-04c1-424b-9868-57a2d4851a1d" />
    <TestEntry testId="26b06847-30d4-6138-18f7-0b65015e2d8c" executionId="3628e716-a1f0-4c53-9f8b-080ced927ade" testListId="8c84fa94-04c1-424b-9868-57a2d4851a1d" />
    <TestEntry testId="190b19d0-f209-d452-8e2a-7a8754c61009" executionId="9bb69eef-c071-4202-92b9-4619de36fd8c" testListId="8c84fa94-04c1-424b-9868-57a2d4851a1d" />
    <TestEntry testId="81c7e8c6-2d4b-50bc-46c6-ce9f5ff98154" executionId="c452b11b-cef8-41c5-9dfd-e02981b874ca" testListId="8c84fa94-04c1-424b-9868-57a2d4851a1d" />
    <TestEntry testId="6afc7519-5c0a-e154-2ad5-782c71509dc2" executionId="90ab4726-cf00-4c64-aed9-d0127de7dc98" testListId="8c84fa94-04c1-424b-9868-57a2d4851a1d" />
    <TestEntry testId="df2bd910-2887-05e1-f2ed-92638afa0dbf" executionId="5d32fb91-34c4-43f5-88fa-6f66e3246883" testListId="8c84fa94-04c1-424b-9868-57a2d4851a1d" />
    <TestEntry testId="e18b680b-210e-e92c-02c9-a1e2f7f312a0" executionId="cfcf5cf0-b1f5-4f27-a2c6-f3b3556d648e" testListId="8c84fa94-04c1-424b-9868-57a2d4851a1d" />
    <TestEntry testId="81b19fb5-baa4-4dd4-c64c-3a1d9da846e2" executionId="ff4aa250-9a2d-4bb8-b579-926ac1d67f76" testListId="8c84fa94-04c1-424b-9868-57a2d4851a1d" />
    <TestEntry testId="7796509a-a384-3621-0209-b879d4459171" executionId="aefc0352-d3a2-4a24-8215-80122b933b13" testListId="8c84fa94-04c1-424b-9868-57a2d4851a1d" />
    <TestEntry testId="a7a92a5e-e67b-2ed5-810c-d4bdb8312ec5" executionId="ae1ddf9f-73af-44a0-877d-e1a33c0b41ec" testListId="8c84fa94-04c1-424b-9868-57a2d4851a1d" />
    <TestEntry testId="fd44aedc-bff3-ae42-6904-b40b9af97238" executionId="bdb8e381-1759-4d8b-891a-54da739940d9" testListId="8c84fa94-04c1-424b-9868-57a2d4851a1d" />
    <TestEntry testId="d56a953a-a62d-c400-4bc7-8e217b7114e5" executionId="b4394bef-ef3b-456a-8ed4-52b9092ccff5" testListId="8c84fa94-04c1-424b-9868-57a2d4851a1d" />
    <TestEntry testId="f7ea88df-0b4b-b256-b1f7-55b35cac0fd5" executionId="afcb972a-49f7-456f-a978-36036f8b08b2" testListId="8c84fa94-04c1-424b-9868-57a2d4851a1d" />
    <TestEntry testId="655d1ddf-c614-34dc-5c0b-2a5c03fe552b" executionId="0e6c9376-cc08-4bf8-b37c-541baaad424f" testListId="8c84fa94-04c1-424b-9868-57a2d4851a1d" />
    <TestEntry testId="b25298ba-4ac1-38f8-08a6-c401d6afab5f" executionId="e2e9adea-842b-4c01-826b-af44ba1e8f94" testListId="8c84fa94-04c1-424b-9868-57a2d4851a1d" />
  </TestEntries>
  <TestLists>
    <TestList name="Results Not in a List" id="8c84fa94-04c1-424b-9868-57a2d4851a1d" />
    <TestList name="All Loaded Results" id="19431567-8539-422a-85d7-44ee4e166bda" />
  </TestLists>
  <ResultSummary outcome="Completed">
    <Counters total="542" executed="542" passed="542" failed="0" error="0" timeout="0" aborted="0" inconclusive="0" passedButRunAborted="0" notRunnable="0" notExecuted="0" disconnected="0" warning="0" completed="0" inProgress="0" pending="0" />
    <Output>
      <StdOut>[xUnit.net 00:00:00.00] xUnit.net VSTest Adapter v3.1.5+1b188a7b0a (64-bit .NET 10.0.9)&#xD;
[xUnit.net 00:00:00.24]   Discovering: AnimationEditor.App.Tests&#xD;
[xUnit.net 00:00:00.69]   Discovered:  AnimationEditor.App.Tests&#xD;
[xUnit.net 00:00:00.98]   Starting:    AnimationEditor.App.Tests&#xD;
[xUnit.net 00:00:45.41]   Finished:    AnimationEditor.App.Tests (ID = '169b24bff7ffa4ca4dacc6a583d583118a145309412eb786390a9b9afdfe9399')&#xD;
</StdOut>
    </Output>
  </ResultSummary>
</TestRun>